#
# There is insufficient memory for the Java Runtime Environment to continue.
# Native memory allocation (malloc) failed to allocate 1048576 bytes. Error detail: AllocateHeap
# Possible reasons:
#   The system is out of physical RAM or swap space
#   This process is running with CompressedOops enabled, and the Java Heap may be blocking the growth of the native heap
# Possible solutions:
#   Reduce memory load on the system
#   Increase physical memory or swap space
#   Check if swap backing store is full
#   Decrease Java heap size (-Xmx/-Xms)
#   Decrease number of Java threads
#   Decrease Java thread stack sizes (-Xss)
#   Set larger code cache with -XX:ReservedCodeCacheSize=
#   JVM is running with Unscaled Compressed Oops mode in which the Java heap is
#     placed in the first 4GB address space. The Java Heap base address is the
#     maximum limit for the native heap growth. Please use -XX:HeapBaseMinAddress
#     to set the Java Heap base and to place the Java Heap above 4GB virtual address.
# This output file may be truncated or incomplete.
#
#  Out of Memory Error (allocation.cpp:44), pid=31572, tid=10996
#
# JRE version:  (21.0.7+6) (build )
# Java VM: OpenJDK 64-Bit Server VM (21.0.7+6-LTS, mixed mode, tiered, compressed oops, compressed class ptrs, parallel gc, windows-amd64)
# No core dump will be written. Minidumps are not enabled by default on client versions of Windows
#

---------------  S U M M A R Y ------------

Command Line: --add-modules=ALL-SYSTEM --add-opens=java.base/java.util=ALL-UNNAMED --add-opens=java.base/java.lang=ALL-UNNAMED --add-opens=java.base/sun.nio.fs=ALL-UNNAMED -Declipse.application=org.eclipse.jdt.ls.core.id1 -Dosgi.bundles.defaultStartLevel=4 -Declipse.product=org.eclipse.jdt.ls.core.product -Djava.import.generatesMetadataFilesAtProjectRoot=false -DDetectVMInstallationsJob.disabled=true -Dfile.encoding=utf8 -Xlog:disable -XX:+UseParallelGC -XX:GCTimeRatio=4 -XX:AdaptiveSizePolicyWeight=90 -Dsun.zip.disableMemoryMapping=true -Xmx2G -Xms100m -javaagent:c:\Users\kapelo\.cursor\extensions\redhat.java-1.42.0-win32-x64\lombok\lombok-1.18.36.jar -XX:+HeapDumpOnOutOfMemoryError -XX:HeapDumpPath=c:\Users\kapelo\AppData\Roaming\Cursor\User\workspaceStorage\c155a42ed27882ecef421af62a66b444\redhat.java -Daether.dependencyCollector.impl=bf c:\Users\kapelo\.cursor\extensions\redhat.java-1.42.0-win32-x64\server\plugins\org.eclipse.equinox.launcher_1.7.0.v20250424-1814.jar -configuration c:\Users\kapelo\AppData\Roaming\Cursor\User\globalStorage\redhat.java\1.42.0\config_win -data c:\Users\kapelo\AppData\Roaming\Cursor\User\workspaceStorage\c155a42ed27882ecef421af62a66b444\redhat.java\jdt_ws --pipe=\\.\pipe\lsp-86efbc5d286b51cd908a46bf7112a223-sock

Host: Intel(R) Core(TM) i5-6300U CPU @ 2.40GHz, 4 cores, 7G,  Windows 11 , 64 bit Build 22621 (10.0.22621.3958)
Time: Thu Jun 19 18:03:33 2025 Greenwich elapsed time: 0.240751 seconds (0d 0h 0m 0s)

---------------  T H R E A D  ---------------

Current thread (0x00000226ec3643b0):  JavaThread "Unknown thread" [_thread_in_vm, id=10996, stack(0x0000004df8300000,0x0000004df8400000) (1024K)]

Stack: [0x0000004df8300000,0x0000004df8400000]
Native frames: (J=compiled Java code, j=interpreted, Vv=VM code, C=native code)
V  [jvm.dll+0x6ce119]
V  [jvm.dll+0x8a84a1]
V  [jvm.dll+0x8aa9ce]
V  [jvm.dll+0x8ab0b3]
V  [jvm.dll+0x27f8a6]
V  [jvm.dll+0xbfba7]
V  [jvm.dll+0x702092]
V  [jvm.dll+0x702dcc]
V  [jvm.dll+0x6dcc63]
V  [jvm.dll+0x871dbc]
V  [jvm.dll+0x3bc47c]
V  [jvm.dll+0x85a848]
V  [jvm.dll+0x45080e]
V  [jvm.dll+0x452451]
C  [jli.dll+0x5278]
C  [ucrtbase.dll+0x29333]
C  [KERNEL32.DLL+0x1257d]
C  [ntdll.dll+0x5af08]


---------------  P R O C E S S  ---------------

Threads class SMR info:
_java_thread_list=0x0000022684280890, length=1, elements={
0x00000226ec3643b0
}

Java Threads: ( => current thread )
=>0x00000226ec3643b0 JavaThread "Unknown thread"             [_thread_in_vm, id=10996, stack(0x0000004df8300000,0x0000004df8400000) (1024K)]
Total: 1

Other Threads:
  0x000002268405b9f0 WatcherThread "VM Periodic Task Thread"        [id=25004, stack(0x0000004df8600000,0x0000004df8700000) (1024K)]
  0x00000226ec3811b0 WorkerThread "GC Thread#0"                     [id=13212, stack(0x0000004df8500000,0x0000004df8600000) (1024K)]
Total: 2

Threads with active compile tasks:
Total: 0

VM state: not at safepoint (normal execution)

VM Mutex/Monitor currently owned by a thread: None

Heap address: 0x0000000080000000, size: 2048 MB, Compressed Oops mode: 32-bit

CDS archive(s) not mapped
Compressed class space mapped at: 0x0000000100000000-0x0000000140000000, reserved size: 1073741824
Narrow klass base: 0x0000000000000000, Narrow klass shift: 3, Narrow klass range: 0x140000000

GC Precious Log:
 CardTable entry size: 512
 CPUs: 4 total, 4 available
 Memory: 8047M
 Large Page Support: Disabled
 NUMA Support: Disabled
 Compressed Oops: Enabled (32-bit)
 Alignments: Space 512K, Generation 512K, Heap 2M
 Heap Min Capacity: 100M
 Heap Initial Capacity: 100M
 Heap Max Capacity: 2G
 Pre-touch: Disabled
 Parallel Workers: 4

Heap:
 PSYoungGen      total 29696K, used 512K [0x00000000d5580000, 0x00000000d7680000, 0x0000000100000000)
  eden space 25600K, 2% used [0x00000000d5580000,0x00000000d5600070,0x00000000d6e80000)
  from space 4096K, 0% used [0x00000000d7280000,0x00000000d7280000,0x00000000d7680000)
  to   space 4096K, 0% used [0x00000000d6e80000,0x00000000d6e80000,0x00000000d7280000)
 ParOldGen       total 68608K, used 0K [0x0000000080000000, 0x0000000084300000, 0x00000000d5580000)
  object space 68608K, 0% used [0x0000000080000000,0x0000000080000000,0x0000000084300000)
 Metaspace       used 1392K, committed 1472K, reserved 1114112K
  class space    used 109K, committed 128K, reserved 1048576K

Card table byte_map: [0x00000226ebd00000,0x00000226ec110000] _byte_map_base: 0x00000226eb900000

Marking Bits: (ParMarkBitMap*) 0x00007ffe454a31f0
 Begin Bits: [0x0000022680000000, 0x0000022682000000)
 End Bits:   [0x0000022682000000, 0x0000022684000000)

Polling page: 0x00000226ea1d0000

Metaspace:

Usage:
  Non-class:      1.25 MB used.
      Class:    109.62 KB used.
       Both:      1.36 MB used.

Virtual space:
  Non-class space:       64.00 MB reserved,       1.31 MB (  2%) committed,  1 nodes.
      Class space:        1.00 GB reserved,     128.00 KB ( <1%) committed,  1 nodes.
             Both:        1.06 GB reserved,       1.44 MB ( <1%) committed. 

Chunk freelists:
   Non-Class:  12.00 MB
       Class:  15.75 MB
        Both:  27.75 MB

MaxMetaspaceSize: unlimited
CompressedClassSpaceSize: 1.00 GB
Initial GC threshold: 21.00 MB
Current GC threshold: 17179869184.00 GB
CDS: off
 - commit_granule_bytes: 65536.
 - commit_granule_words: 8192.
 - virtual_space_node_default_size: 8388608.
 - enlarge_chunks_in_place: 1.
 - use_allocation_guard: 0.


Internal statistics:

num_allocs_failed_limit: 0.
num_arena_births: 2.
num_arena_deaths: 0.
num_vsnodes_births: 2.
num_vsnodes_deaths: 0.
num_space_committed: 23.
num_space_uncommitted: 0.
num_chunks_returned_to_freelist: 0.
num_chunks_taken_from_freelist: 3.
num_chunk_merges: 0.
num_chunk_splits: 2.
num_chunks_enlarged: 0.
num_inconsistent_stats: 0.

CodeHeap 'non-profiled nmethods': size=120000Kb used=0Kb max_used=0Kb free=120000Kb
 bounds [0x00000226f7020000, 0x00000226f7290000, 0x00000226fe550000]
CodeHeap 'profiled nmethods': size=120000Kb used=0Kb max_used=0Kb free=120000Kb
 bounds [0x00000226ef550000, 0x00000226ef7c0000, 0x00000226f6a80000]
CodeHeap 'non-nmethods': size=5760Kb used=194Kb max_used=342Kb free=5565Kb
 bounds [0x00000226f6a80000, 0x00000226f6cf0000, 0x00000226f7020000]
 total_blobs=70 nmethods=0 adapters=48
 compilation: enabled
              stopped_count=0, restarted_count=0
 full_count=0

Compilation events (0 events):
No events

GC Heap History (0 events):
No events

Dll operation events (2 events):
Event: 0.064 Loaded shared library c:\Users\kapelo\.cursor\extensions\redhat.java-1.42.0-win32-x64\jre\21.0.7-win32-x86_64\bin\java.dll
Event: 0.111 Loaded shared library c:\Users\kapelo\.cursor\extensions\redhat.java-1.42.0-win32-x64\jre\21.0.7-win32-x86_64\bin\zip.dll

Deoptimization events (0 events):
No events

Classes loaded (20 events):
Event: 0.226 Loading class java/util/Iterator
Event: 0.227 Loading class java/util/Iterator done
Event: 0.227 Loading class java/lang/reflect/RecordComponent
Event: 0.227 Loading class java/lang/reflect/RecordComponent done
Event: 0.227 Loading class jdk/internal/vm/vector/VectorSupport
Event: 0.229 Loading class jdk/internal/vm/vector/VectorSupport done
Event: 0.229 Loading class jdk/internal/vm/vector/VectorSupport$VectorPayload
Event: 0.229 Loading class jdk/internal/vm/vector/VectorSupport$VectorPayload done
Event: 0.229 Loading class jdk/internal/vm/vector/VectorSupport$Vector
Event: 0.229 Loading class jdk/internal/vm/vector/VectorSupport$Vector done
Event: 0.229 Loading class jdk/internal/vm/vector/VectorSupport$VectorMask
Event: 0.229 Loading class jdk/internal/vm/vector/VectorSupport$VectorMask done
Event: 0.229 Loading class jdk/internal/vm/vector/VectorSupport$VectorShuffle
Event: 0.229 Loading class jdk/internal/vm/vector/VectorSupport$VectorShuffle done
Event: 0.229 Loading class jdk/internal/vm/FillerObject
Event: 0.229 Loading class jdk/internal/vm/FillerObject done
Event: 0.233 Loading class java/lang/NullPointerException
Event: 0.233 Loading class java/lang/NullPointerException done
Event: 0.233 Loading class java/lang/ArithmeticException
Event: 0.234 Loading class java/lang/ArithmeticException done

Classes unloaded (0 events):
No events

Classes redefined (0 events):
No events

Internal exceptions (0 events):
No events

ZGC Phase Switch (0 events):
No events

VM Operations (0 events):
No events

Memory protections (0 events):
No events

Nmethod flushes (0 events):
No events

Events (1 events):
Event: 0.104 Thread 0x00000226ec3643b0 Thread added: 0x00000226ec3643b0


Dynamic libraries:
0x00007ff7dbca0000 - 0x00007ff7dbcae000 	c:\Users\kapelo\.cursor\extensions\redhat.java-1.42.0-win32-x64\jre\21.0.7-win32-x86_64\bin\java.exe
0x00007ffea8cd0000 - 0x00007ffea8ee7000 	C:\Windows\SYSTEM32\ntdll.dll
0x00007ffea83b0000 - 0x00007ffea8474000 	C:\Windows\System32\KERNEL32.DLL
0x00007ffea6400000 - 0x00007ffea67b7000 	C:\Windows\System32\KERNELBASE.dll
0x00007ffea6050000 - 0x00007ffea6161000 	C:\Windows\System32\ucrtbase.dll
0x00007ffe7db10000 - 0x00007ffe7db28000 	c:\Users\kapelo\.cursor\extensions\redhat.java-1.42.0-win32-x64\jre\21.0.7-win32-x86_64\bin\jli.dll
0x00007ffea8600000 - 0x00007ffea87af000 	C:\Windows\System32\USER32.dll
0x00007ffea67c0000 - 0x00007ffea67e6000 	C:\Windows\System32\win32u.dll
0x00007ffea6a00000 - 0x00007ffea6a29000 	C:\Windows\System32\GDI32.dll
0x00007ffea6170000 - 0x00007ffea6288000 	C:\Windows\System32\gdi32full.dll
0x00007ffea68a0000 - 0x00007ffea693a000 	C:\Windows\System32\msvcp_win.dll
0x00007ffe79e30000 - 0x00007ffe79e4e000 	c:\Users\kapelo\.cursor\extensions\redhat.java-1.42.0-win32-x64\jre\21.0.7-win32-x86_64\bin\VCRUNTIME140.dll
0x00007ffe8e310000 - 0x00007ffe8e5a3000 	C:\Windows\WinSxS\amd64_microsoft.windows.common-controls_6595b64144ccf1df_6.0.22621.3672_none_2713b9d173822955\COMCTL32.dll
0x00007ffea8a20000 - 0x00007ffea8ac7000 	C:\Windows\System32\msvcrt.dll
0x00007ffea7ef0000 - 0x00007ffea7f21000 	C:\Windows\System32\IMM32.DLL
0x00007ffe90050000 - 0x00007ffe9005c000 	c:\Users\kapelo\.cursor\extensions\redhat.java-1.42.0-win32-x64\jre\21.0.7-win32-x86_64\bin\vcruntime140_1.dll
0x00007ffe4f910000 - 0x00007ffe4f99d000 	c:\Users\kapelo\.cursor\extensions\redhat.java-1.42.0-win32-x64\jre\21.0.7-win32-x86_64\bin\msvcp140.dll
0x00007ffe447f0000 - 0x00007ffe45580000 	c:\Users\kapelo\.cursor\extensions\redhat.java-1.42.0-win32-x64\jre\21.0.7-win32-x86_64\bin\server\jvm.dll
0x00007ffea87c0000 - 0x00007ffea8872000 	C:\Windows\System32\ADVAPI32.dll
0x00007ffea88f0000 - 0x00007ffea8998000 	C:\Windows\System32\sechost.dll
0x00007ffea67f0000 - 0x00007ffea6818000 	C:\Windows\System32\bcrypt.dll
0x00007ffea8ae0000 - 0x00007ffea8bf4000 	C:\Windows\System32\RPCRT4.dll
0x00007ffea8c10000 - 0x00007ffea8c81000 	C:\Windows\System32\WS2_32.dll
0x00007ffea4e50000 - 0x00007ffea4e9d000 	C:\Windows\SYSTEM32\POWRPROF.dll
0x00007ffe9f0c0000 - 0x00007ffe9f0f4000 	C:\Windows\SYSTEM32\WINMM.dll
0x00007ffe95880000 - 0x00007ffe9588a000 	C:\Windows\SYSTEM32\VERSION.dll
0x00007ffea4e30000 - 0x00007ffea4e43000 	C:\Windows\SYSTEM32\UMPDC.dll
0x00007ffea5080000 - 0x00007ffea5098000 	C:\Windows\SYSTEM32\kernel.appcore.dll
0x00007ffe8ff70000 - 0x00007ffe8ff7a000 	c:\Users\kapelo\.cursor\extensions\redhat.java-1.42.0-win32-x64\jre\21.0.7-win32-x86_64\bin\jimage.dll
0x00007ffea2ea0000 - 0x00007ffea30d2000 	C:\Windows\SYSTEM32\DBGHELP.DLL
0x00007ffea77e0000 - 0x00007ffea7b6e000 	C:\Windows\System32\combase.dll
0x00007ffea7630000 - 0x00007ffea7707000 	C:\Windows\System32\OLEAUT32.dll
0x00007ffe94420000 - 0x00007ffe94452000 	C:\Windows\SYSTEM32\dbgcore.DLL
0x00007ffea6820000 - 0x00007ffea689b000 	C:\Windows\System32\bcryptPrimitives.dll
0x00007ffe8c660000 - 0x00007ffe8c66f000 	c:\Users\kapelo\.cursor\extensions\redhat.java-1.42.0-win32-x64\jre\21.0.7-win32-x86_64\bin\instrument.dll
0x00007ffe77960000 - 0x00007ffe7797f000 	c:\Users\kapelo\.cursor\extensions\redhat.java-1.42.0-win32-x64\jre\21.0.7-win32-x86_64\bin\java.dll
0x00007ffe83780000 - 0x00007ffe83798000 	c:\Users\kapelo\.cursor\extensions\redhat.java-1.42.0-win32-x64\jre\21.0.7-win32-x86_64\bin\zip.dll

dbghelp: loaded successfully - version: 4.0.5 - missing functions: none
symbol engine: initialized successfully - sym options: 0x614 - pdb path: .;c:\Users\kapelo\.cursor\extensions\redhat.java-1.42.0-win32-x64\jre\21.0.7-win32-x86_64\bin;C:\Windows\SYSTEM32;C:\Windows\WinSxS\amd64_microsoft.windows.common-controls_6595b64144ccf1df_6.0.22621.3672_none_2713b9d173822955;c:\Users\kapelo\.cursor\extensions\redhat.java-1.42.0-win32-x64\jre\21.0.7-win32-x86_64\bin\server

VM Arguments:
jvm_args: --add-modules=ALL-SYSTEM --add-opens=java.base/java.util=ALL-UNNAMED --add-opens=java.base/java.lang=ALL-UNNAMED --add-opens=java.base/sun.nio.fs=ALL-UNNAMED -Declipse.application=org.eclipse.jdt.ls.core.id1 -Dosgi.bundles.defaultStartLevel=4 -Declipse.product=org.eclipse.jdt.ls.core.product -Djava.import.generatesMetadataFilesAtProjectRoot=false -DDetectVMInstallationsJob.disabled=true -Dfile.encoding=utf8 -Xlog:disable -XX:+UseParallelGC -XX:GCTimeRatio=4 -XX:AdaptiveSizePolicyWeight=90 -Dsun.zip.disableMemoryMapping=true -Xmx2G -Xms100m -javaagent:c:\Users\kapelo\.cursor\extensions\redhat.java-1.42.0-win32-x64\lombok\lombok-1.18.36.jar -XX:+HeapDumpOnOutOfMemoryError -XX:HeapDumpPath=c:\Users\kapelo\AppData\Roaming\Cursor\User\workspaceStorage\c155a42ed27882ecef421af62a66b444\redhat.java -Daether.dependencyCollector.impl=bf 
java_command: c:\Users\kapelo\.cursor\extensions\redhat.java-1.42.0-win32-x64\server\plugins\org.eclipse.equinox.launcher_1.7.0.v20250424-1814.jar -configuration c:\Users\kapelo\AppData\Roaming\Cursor\User\globalStorage\redhat.java\1.42.0\config_win -data c:\Users\kapelo\AppData\Roaming\Cursor\User\workspaceStorage\c155a42ed27882ecef421af62a66b444\redhat.java\jdt_ws --pipe=\\.\pipe\lsp-86efbc5d286b51cd908a46bf7112a223-sock
java_class_path (initial): c:\Users\kapelo\.cursor\extensions\redhat.java-1.42.0-win32-x64\server\plugins\org.eclipse.equinox.launcher_1.7.0.v20250424-1814.jar
Launcher Type: SUN_STANDARD

[Global flags]
    uintx AdaptiveSizePolicyWeight                 = 90                                        {product} {command line}
     intx CICompilerCount                          = 3                                         {product} {ergonomic}
    uintx GCTimeRatio                              = 4                                         {product} {command line}
     bool HeapDumpOnOutOfMemoryError               = true                                   {manageable} {command line}
    ccstr HeapDumpPath                             = c:\Users\kapelo\AppData\Roaming\Cursor\User\workspaceStorage\c155a42ed27882ecef421af62a66b444\redhat.java         {manageable} {command line}
   size_t InitialHeapSize                          = 104857600                                 {product} {command line}
   size_t MaxHeapSize                              = 2147483648                                {product} {command line}
   size_t MaxNewSize                               = 715653120                                 {product} {ergonomic}
   size_t MinHeapDeltaBytes                        = 524288                                    {product} {ergonomic}
   size_t MinHeapSize                              = 104857600                                 {product} {command line}
   size_t NewSize                                  = 34603008                                  {product} {ergonomic}
    uintx NonNMethodCodeHeapSize                   = 5832780                                {pd product} {ergonomic}
    uintx NonProfiledCodeHeapSize                  = 122912730                              {pd product} {ergonomic}
   size_t OldSize                                  = 70254592                                  {product} {ergonomic}
    uintx ProfiledCodeHeapSize                     = 122912730                              {pd product} {ergonomic}
    uintx ReservedCodeCacheSize                    = 251658240                              {pd product} {ergonomic}
     bool SegmentedCodeCache                       = true                                      {product} {ergonomic}
   size_t SoftMaxHeapSize                          = 2147483648                             {manageable} {ergonomic}
     bool UseCompressedOops                        = true                           {product lp64_product} {ergonomic}
     bool UseLargePagesIndividualAllocation        = false                                  {pd product} {ergonomic}
     bool UseParallelGC                            = true                                      {product} {command line}

Logging:
Log output configuration:
 #0: stdout all=off uptime,level,tags foldmultilines=false
 #1: stderr all=off uptime,level,tags foldmultilines=false

Environment Variables:
PATH=C:\Program Files (x86)\VMware\VMware Workstation\bin\;C:\Python39\Scripts\;C:\Python39\;C:\Program Files\Common Files\Oracle\Java\javapath;c:\Users\kapelo\AppData\Local\Programs\cursor\resources\app\bin;C:\Users\kapelo\AppData\Local\Programs\Python\Python312\Scripts\;C:\Users\kapelo\AppData\Local\Programs\Python\Python312\;C:\Windows\system32;C:\Windows;C:\Windows\System32\Wbem;C:\Windows\System32\WindowsPowerShell\v1.0\;C:\Windows\System32\OpenSSH\;C:\ProgramData\chocolatey\bin;C:\Program Files\Git\cmd;C:\composer;C:\php-8.2.25-nts-Win32-vs16-x64;C:\Program Files\Graphviz\bin;C:\Users\kapelo\AppData\Local\Programs\Python\Launcher\;C:\Users\kapelo\AppData\Local\Microsoft\WindowsApps;C:\Users\kapelo\AppData\Roaming\npm;C:\src\flutter\bin;C:\src\dart-sdk\bin;C:\Users\kapelo\AppData\Roaming\Composer\vendor\bin;C:\xampp\mysql\bin;C:\Program Files\PostgreSQL\17\bin;C:\Program Files\heroku\bin;C:\botpress-botpress-3516ba2;C:\php;C:\Users\kapelo\AppData\Local\Programs\Python\Python312\Lib\site-packages\pip;C:\Users\kapelo\AppData\Local\Pub\Cache\bin;c:\Users\kapelo\AppData\Loc;C:\Program Files\Redis\;C:\Users\kapelo\AppData\Local\nvm;C:\nvm4w\nodejs;C:\Program Files\dotnet\;C:\Program Files\Meld\;C:\Users\kapelo\AppData\Local\Programs\Python\Python313\Scripts\;C:\Users\kapelo\AppData\Local\Programs\Python\Python313\;C:\Users\kapelo\AppData\Local\Programs\Python\Launcher\;C:\Users\kapelo\AppData\Local\Microsoft\WindowsApps;C:\Users\kapelo\AppData\Local\Programs\Microsoft VS Code\bin;C:\src\flutter\bin;C:\src\dart-sdk\bin;C:\Users\kapelo\AppData\Roaming\Composer\vendor\bin;C:\Program Files\PostgreSQL\17\bin;C:\Program Files\heroku\bin;C:\botpress-botpress-3516ba2;C:\Users\kapelo\AppData\Local\Programs\Python\Python312\Lib\site-packages\pip;C:\Users\kapelo\AppData\Local\Pub\Cache\bin;C:\xampp;C:\xampp\php;C:\Windows\System32;C:\Program Files\JetBrains\IntelliJ IDEA 2021.2\bin;;C:\Users\kapelo\AppData\Local\Programs\Windsurf\bin;C:\Users\kapelo\AppData\Local\nvm;C:\nvm4w\nodejs;C:\Users\kapelo\AppData\Local\Programs\cursor\resources\app\bin;C:\Users\kapelo\AppData\Local\Programs\Python\Python312\Scripts;c:\users\kapelo\appdata\roaming\python\python39\site-packages;C:\Users\kapelo\apache-maven\apache-maven-3.9.6\bin
USERNAME=kapelo
OS=Windows_NT
PROCESSOR_IDENTIFIER=Intel64 Family 6 Model 78 Stepping 3, GenuineIntel
TMP=C:\Users\kapelo\AppData\Local\Temp
TEMP=C:\Users\kapelo\AppData\Local\Temp




Periodic native trim disabled

---------------  S Y S T E M  ---------------

OS:
 Windows 11 , 64 bit Build 22621 (10.0.22621.3958)
OS uptime: 4 days 4:31 hours
Hyper-V role detected

CPU: total 4 (initial active 4) (2 cores per cpu, 2 threads per core) family 6 model 78 stepping 3 microcode 0xd6, cx8, cmov, fxsr, ht, mmx, 3dnowpref, sse, sse2, sse3, ssse3, sse4.1, sse4.2, popcnt, lzcnt, tsc, tscinvbit, avx, avx2, aes, erms, clmul, bmi1, bmi2, rtm, adx, fma, vzeroupper, clflush, clflushopt, hv, rdtscp, f16c
Processor Information for the first 4 processors :
  Max Mhz: 2496, Current Mhz: 798, Mhz Limit: 798

Memory: 4k page, system-wide physical 8047M (323M free)
TotalPageFile size 30725M (AvailPageFile size 0M)
current process WorkingSet (physical memory assigned to process): 17M, peak: 17M
current process commit charge ("private bytes"): 183M, peak: 184M

vm_info: OpenJDK 64-Bit Server VM (21.0.7+6-LTS) for windows-amd64 JRE (21.0.7+6-LTS), built on 2025-04-15T00:00:00Z by "admin" with MS VC++ 17.7 (VS2022)

END.
