#
# There is insufficient memory for the Java Runtime Environment to continue.
# Native memory allocation (malloc) failed to allocate 32744 bytes. Error detail: Chunk::new
# Possible reasons:
#   The system is out of physical RAM or swap space
#   This process is running with CompressedOops enabled, and the Java Heap may be blocking the growth of the native heap
# Possible solutions:
#   Reduce memory load on the system
#   Increase physical memory or swap space
#   Check if swap backing store is full
#   Decrease Java heap size (-Xmx/-Xms)
#   Decrease number of Java threads
#   Decrease Java thread stack sizes (-Xss)
#   Set larger code cache with -XX:ReservedCodeCacheSize=
#   JVM is running with Unscaled Compressed Oops mode in which the Java heap is
#     placed in the first 4GB address space. The Java Heap base address is the
#     maximum limit for the native heap growth. Please use -XX:HeapBaseMinAddress
#     to set the Java Heap base and to place the Java Heap above 4GB virtual address.
# This output file may be truncated or incomplete.
#
#  Out of Memory Error (arena.cpp:149), pid=16500, tid=10592
#
# JRE version: Java(TM) SE Runtime Environment (23.0.1+11) (build 23.0.1+11-39)
# Java VM: Java HotSpot(TM) 64-Bit Server VM (23.0.1+11-39, mixed mode, sharing, tiered, compressed oops, compressed class ptrs, g1 gc, windows-amd64)
# No core dump will be written. Minidumps are not enabled by default on client versions of Windows
#

---------------  S U M M A R Y ------------

Command Line: com.pharmajava.PharmacieApp

Host: Intel(R) Core(TM) i5-6300U CPU @ 2.40GHz, 4 cores, 7G,  Windows 11 , 64 bit Build 22621 (10.0.22621.3958)
Time: Thu Jun 19 17:54:16 2025 Greenwich elapsed time: 38.625104 seconds (0d 0h 0m 38s)

---------------  T H R E A D  ---------------

Current thread (0x0000025d7f46f560):  JavaThread "C1 CompilerThread0" daemon [_thread_in_native, id=10592, stack(0x000000d4faa00000,0x000000d4fab00000) (1024K)]


Current CompileTask:
C1:38625 2237   !   3       javax.swing.JComponent::paintChildren (684 bytes)

Stack: [0x000000d4faa00000,0x000000d4fab00000]
Native frames: (J=compiled Java code, j=interpreted, Vv=VM code, C=native code)
V  [jvm.dll+0x6e08b9]  (no source info available)
V  [jvm.dll+0x87dc83]  (no source info available)
V  [jvm.dll+0x88010e]  (no source info available)
V  [jvm.dll+0x8807e3]  (no source info available)
V  [jvm.dll+0x27aee6]  (no source info available)
V  [jvm.dll+0xbc06f]  (no source info available)
V  [jvm.dll+0xbc2cb]  (no source info available)
V  [jvm.dll+0xb36cd]  (no source info available)
V  [jvm.dll+0x16ac93]  (no source info available)
V  [jvm.dll+0x1847be]  (no source info available)
V  [jvm.dll+0x1845e6]  (no source info available)
V  [jvm.dll+0x17cde1]  (no source info available)
V  [jvm.dll+0x17a3ae]  (no source info available)
V  [jvm.dll+0x168520]  (no source info available)
V  [jvm.dll+0x1509bf]  (no source info available)
V  [jvm.dll+0x15022f]  (no source info available)
V  [jvm.dll+0x1504db]  (no source info available)
V  [jvm.dll+0x14f8a8]  (no source info available)
V  [jvm.dll+0x1516ed]  (no source info available)
V  [jvm.dll+0x253cf1]  (no source info available)
V  [jvm.dll+0x251faa]  (no source info available)
V  [jvm.dll+0x3ee036]  (no source info available)
V  [jvm.dll+0x824f8b]  (no source info available)
V  [jvm.dll+0x6df065]  (no source info available)
C  [ucrtbase.dll+0x29333]  (no source info available)
C  [KERNEL32.DLL+0x1257d]  (no source info available)
C  [ntdll.dll+0x5af08]  (no source info available)

Lock stack of current Java thread (top to bottom):


---------------  P R O C E S S  ---------------

Threads class SMR info:
_java_thread_list=0x0000025d5e708d40, length=18, elements={
0x0000025d7f4370b0, 0x0000025d7f438180, 0x0000025d7f43bd60, 0x0000025d7f43c7c0,
0x0000025d7f43d220, 0x0000025d7f43dc80, 0x0000025d7f43ea10, 0x0000025d7f46f560,
0x0000025d1776a700, 0x0000025d1776d590, 0x0000025d17a68690, 0x0000025d17a6b710,
0x0000025d5e31b9b0, 0x0000025d5eb9d710, 0x0000025d5ebcb710, 0x0000025d5ebbece0,
0x0000025d5ebbf370, 0x0000025d5ebbfa00
}

Java Threads: ( => current thread )
  0x0000025d7f4370b0 JavaThread "Reference Handler"          daemon [_thread_blocked, id=27336, stack(0x000000d4fa300000,0x000000d4fa400000) (1024K)]
  0x0000025d7f438180 JavaThread "Finalizer"                  daemon [_thread_blocked, id=16164, stack(0x000000d4fa400000,0x000000d4fa500000) (1024K)]
  0x0000025d7f43bd60 JavaThread "Signal Dispatcher"          daemon [_thread_blocked, id=14380, stack(0x000000d4fa500000,0x000000d4fa600000) (1024K)]
  0x0000025d7f43c7c0 JavaThread "Attach Listener"            daemon [_thread_blocked, id=3976, stack(0x000000d4fa600000,0x000000d4fa700000) (1024K)]
  0x0000025d7f43d220 JavaThread "Service Thread"             daemon [_thread_blocked, id=18916, stack(0x000000d4fa700000,0x000000d4fa800000) (1024K)]
  0x0000025d7f43dc80 JavaThread "Monitor Deflation Thread"   daemon [_thread_blocked, id=13216, stack(0x000000d4fa800000,0x000000d4fa900000) (1024K)]
  0x0000025d7f43ea10 JavaThread "C2 CompilerThread0"         daemon [_thread_blocked, id=8488, stack(0x000000d4fa900000,0x000000d4faa00000) (1024K)]
=>0x0000025d7f46f560 JavaThread "C1 CompilerThread0"         daemon [_thread_in_native, id=10592, stack(0x000000d4faa00000,0x000000d4fab00000) (1024K)]
  0x0000025d1776a700 JavaThread "Notification Thread"        daemon [_thread_blocked, id=7136, stack(0x000000d4fab00000,0x000000d4fac00000) (1024K)]
  0x0000025d1776d590 JavaThread "Common-Cleaner"             daemon [_thread_blocked, id=24108, stack(0x000000d4fac00000,0x000000d4fad00000) (1024K)]
  0x0000025d17a68690 JavaThread "Java2D Disposer"            daemon [_thread_blocked, id=18352, stack(0x000000d4fad00000,0x000000d4fae00000) (1024K)]
  0x0000025d17a6b710 JavaThread "AWT-Windows"                daemon [_thread_in_native, id=1064, stack(0x000000d4faf00000,0x000000d4fb000000) (1024K)]
  0x0000025d5e31b9b0 JavaThread "mysql-cj-abandoned-connection-cleanup" daemon [_thread_blocked, id=21008, stack(0x000000d4fb000000,0x000000d4fb100000) (1024K)]
  0x0000025d5eb9d710 JavaThread "HikariPool-1 housekeeper"   daemon [_thread_blocked, id=32612, stack(0x000000d4fb400000,0x000000d4fb500000) (1024K)]
  0x0000025d5ebcb710 JavaThread "AWT-Shutdown"                      [_thread_blocked, id=30264, stack(0x000000d4fb600000,0x000000d4fb700000) (1024K)]
  0x0000025d5ebbece0 JavaThread "AWT-EventQueue-0"                  [_thread_blocked, id=3880, stack(0x000000d4fb700000,0x000000d4fb800000) (1024K)]
  0x0000025d5ebbf370 JavaThread "DestroyJavaVM"                     [_thread_blocked, id=3892, stack(0x000000d4f9b00000,0x000000d4f9c00000) (1024K)]
  0x0000025d5ebbfa00 JavaThread "TimerQueue"                 daemon [_thread_blocked, id=19524, stack(0x000000d4fb900000,0x000000d4fba00000) (1024K)]
Total: 18

Other Threads:
  0x0000025d7f41ad90 VMThread "VM Thread"                           [id=23724, stack(0x000000d4fa200000,0x000000d4fa300000) (1024K)]
  0x0000025d7f408a40 WatcherThread "VM Periodic Task Thread"        [id=22748, stack(0x000000d4fa100000,0x000000d4fa200000) (1024K)]
  0x0000025d7a7be180 WorkerThread "GC Thread#0"                     [id=4308, stack(0x000000d4f9c00000,0x000000d4f9d00000) (1024K)]
  0x0000025d5e98cd80 WorkerThread "GC Thread#1"                     [id=27264, stack(0x000000d4fae00000,0x000000d4faf00000) (1024K)]
  0x0000025d5e98d130 WorkerThread "GC Thread#2"                     [id=18640, stack(0x000000d4fb100000,0x000000d4fb200000) (1024K)]
  0x0000025d5e99d860 WorkerThread "GC Thread#3"                     [id=28304, stack(0x000000d4fb200000,0x000000d4fb300000) (1024K)]
  0x0000025d7a7d2c30 ConcurrentGCThread "G1 Main Marker"            [id=18732, stack(0x000000d4f9d00000,0x000000d4f9e00000) (1024K)]
  0x0000025d7a7d38f0 WorkerThread "G1 Conc#0"                       [id=26408, stack(0x000000d4f9e00000,0x000000d4f9f00000) (1024K)]
  0x0000025d7a81e8e0 ConcurrentGCThread "G1 Refine#0"               [id=21316, stack(0x000000d4f9f00000,0x000000d4fa000000) (1024K)]
  0x0000025d7f2de840 ConcurrentGCThread "G1 Service"                [id=23756, stack(0x000000d4fa000000,0x000000d4fa100000) (1024K)]
Total: 10

Threads with active compile tasks:
C1 CompilerThread0  39121 2237   !   3       javax.swing.JComponent::paintChildren (684 bytes)
Total: 1

VM state: not at safepoint (normal execution)

VM Mutex/Monitor currently owned by a thread: None

Heap address: 0x0000000082400000, size: 2012 MB, Compressed Oops mode: 32-bit

CDS archive(s) mapped at: [0x0000025d18000000-0x0000025d18d70000-0x0000025d18d70000), size 14090240, SharedBaseAddress: 0x0000025d18000000, ArchiveRelocationMode: 1.
Compressed class space mapped at: 0x0000025d19000000-0x0000025d59000000, reserved size: 1073741824
Narrow klass base: 0x0000025d18000000, Narrow klass shift: 0, Narrow klass range: 0x41000000

GC Precious Log:
 CardTable entry size: 512
 Card Set container configuration: InlinePtr #cards 5 size 8 Array Of Cards #cards 10 size 36 Howl #buckets 4 coarsen threshold 1843 Howl Bitmap #cards 512 size 80 coarsen threshold 460 Card regions per heap region 1 cards per card region 2048
 CPUs: 4 total, 4 available
 Memory: 8047M
 Large Page Support: Disabled
 NUMA Support: Disabled
 Compressed Oops: Enabled (32-bit)
 Heap Region Size: 1M
 Heap Min Capacity: 8M
 Heap Initial Capacity: 126M
 Heap Max Capacity: 2012M
 Pre-touch: Disabled
 Parallel Workers: 4
 Concurrent Workers: 1
 Concurrent Refinement Workers: 4
 Periodic GC: Disabled

Heap:
 garbage-first heap   total reserved 2060288K, committed 129024K, used 20480K [0x0000000082400000, 0x0000000100000000)
  region size 1024K, 5 young (5120K), 2 survivors (2048K)
 Metaspace       used 15883K, committed 16320K, reserved 1114112K
  class space    used 1783K, committed 1984K, reserved 1048576K

Heap Regions: E=young(eden), S=young(survivor), O=old, HS=humongous(starts), HC=humongous(continues), CS=collection set, F=free, TAMS=top-at-mark-start, PB=parsable bottom
|   0|0x0000000082400000, 0x0000000082500000, 0x0000000082500000|100%| O|  |TAMS 0x0000000082400000| PB 0x0000000082400000| Untracked |  0
|   1|0x0000000082500000, 0x0000000082600000, 0x0000000082600000|100%| O|  |TAMS 0x0000000082500000| PB 0x0000000082500000| Untracked |  0
|   2|0x0000000082600000, 0x0000000082700000, 0x0000000082700000|100%| O|  |TAMS 0x0000000082600000| PB 0x0000000082600000| Untracked |  0
|   3|0x0000000082700000, 0x0000000082800000, 0x0000000082800000|100%| O|  |TAMS 0x0000000082700000| PB 0x0000000082700000| Untracked |  0
|   4|0x0000000082800000, 0x0000000082900000, 0x0000000082900000|100%|HS|  |TAMS 0x0000000082800000| PB 0x0000000082800000| Complete |  0
|   5|0x0000000082900000, 0x0000000082a00000, 0x0000000082a00000|100%|HC|  |TAMS 0x0000000082900000| PB 0x0000000082900000| Complete |  0
|   6|0x0000000082a00000, 0x0000000082b00000, 0x0000000082b00000|100%|HC|  |TAMS 0x0000000082a00000| PB 0x0000000082a00000| Complete |  0
|   7|0x0000000082b00000, 0x0000000082c00000, 0x0000000082c00000|100%| O|  |TAMS 0x0000000082b00000| PB 0x0000000082b00000| Untracked |  0
|   8|0x0000000082c00000, 0x0000000082d00000, 0x0000000082d00000|100%|HS|  |TAMS 0x0000000082c00000| PB 0x0000000082c00000| Complete |  0
|   9|0x0000000082d00000, 0x0000000082e00000, 0x0000000082e00000|100%|HC|  |TAMS 0x0000000082d00000| PB 0x0000000082d00000| Complete |  0
|  10|0x0000000082e00000, 0x0000000082f00000, 0x0000000082f00000|100%|HC|  |TAMS 0x0000000082e00000| PB 0x0000000082e00000| Complete |  0
|  11|0x0000000082f00000, 0x0000000083000000, 0x0000000083000000|100%|HC|  |TAMS 0x0000000082f00000| PB 0x0000000082f00000| Complete |  0
|  12|0x0000000083000000, 0x0000000083100000, 0x0000000083100000|100%|HC|  |TAMS 0x0000000083000000| PB 0x0000000083000000| Complete |  0
|  13|0x0000000083100000, 0x0000000083200000, 0x0000000083200000|100%|HC|  |TAMS 0x0000000083100000| PB 0x0000000083100000| Complete |  0
|  14|0x0000000083200000, 0x0000000083300000, 0x0000000083300000|100%|HC|  |TAMS 0x0000000083200000| PB 0x0000000083200000| Complete |  0
|  15|0x0000000083300000, 0x0000000083400000, 0x0000000083400000|100%|HC|  |TAMS 0x0000000083300000| PB 0x0000000083300000| Complete |  0
|  16|0x0000000083400000, 0x0000000083400000, 0x0000000083500000|  0%| F|  |TAMS 0x0000000083400000| PB 0x0000000083400000| Untracked |  0
|  17|0x0000000083500000, 0x0000000083500000, 0x0000000083600000|  0%| F|  |TAMS 0x0000000083500000| PB 0x0000000083500000| Untracked |  0
|  18|0x0000000083600000, 0x0000000083600000, 0x0000000083700000|  0%| F|  |TAMS 0x0000000083600000| PB 0x0000000083600000| Untracked |  0
|  19|0x0000000083700000, 0x0000000083700000, 0x0000000083800000|  0%| F|  |TAMS 0x0000000083700000| PB 0x0000000083700000| Untracked |  0
|  20|0x0000000083800000, 0x0000000083800000, 0x0000000083900000|  0%| F|  |TAMS 0x0000000083800000| PB 0x0000000083800000| Untracked |  0
|  21|0x0000000083900000, 0x0000000083900000, 0x0000000083a00000|  0%| F|  |TAMS 0x0000000083900000| PB 0x0000000083900000| Untracked |  0
|  22|0x0000000083a00000, 0x0000000083a00000, 0x0000000083b00000|  0%| F|  |TAMS 0x0000000083a00000| PB 0x0000000083a00000| Untracked |  0
|  23|0x0000000083b00000, 0x0000000083b00000, 0x0000000083c00000|  0%| F|  |TAMS 0x0000000083b00000| PB 0x0000000083b00000| Untracked |  0
|  24|0x0000000083c00000, 0x0000000083c00000, 0x0000000083d00000|  0%| F|  |TAMS 0x0000000083c00000| PB 0x0000000083c00000| Untracked |  0
|  25|0x0000000083d00000, 0x0000000083d00000, 0x0000000083e00000|  0%| F|  |TAMS 0x0000000083d00000| PB 0x0000000083d00000| Untracked |  0
|  26|0x0000000083e00000, 0x0000000083e00000, 0x0000000083f00000|  0%| F|  |TAMS 0x0000000083e00000| PB 0x0000000083e00000| Untracked |  0
|  27|0x0000000083f00000, 0x0000000083f00000, 0x0000000084000000|  0%| F|  |TAMS 0x0000000083f00000| PB 0x0000000083f00000| Untracked |  0
|  28|0x0000000084000000, 0x0000000084000000, 0x0000000084100000|  0%| F|  |TAMS 0x0000000084000000| PB 0x0000000084000000| Untracked |  0
|  29|0x0000000084100000, 0x0000000084100000, 0x0000000084200000|  0%| F|  |TAMS 0x0000000084100000| PB 0x0000000084100000| Untracked |  0
|  30|0x0000000084200000, 0x0000000084200000, 0x0000000084300000|  0%| F|  |TAMS 0x0000000084200000| PB 0x0000000084200000| Untracked |  0
|  31|0x0000000084300000, 0x0000000084300000, 0x0000000084400000|  0%| F|  |TAMS 0x0000000084300000| PB 0x0000000084300000| Untracked |  0
|  32|0x0000000084400000, 0x0000000084400000, 0x0000000084500000|  0%| F|  |TAMS 0x0000000084400000| PB 0x0000000084400000| Untracked |  0
|  33|0x0000000084500000, 0x0000000084500000, 0x0000000084600000|  0%| F|  |TAMS 0x0000000084500000| PB 0x0000000084500000| Untracked |  0
|  34|0x0000000084600000, 0x0000000084600000, 0x0000000084700000|  0%| F|  |TAMS 0x0000000084600000| PB 0x0000000084600000| Untracked |  0
|  35|0x0000000084700000, 0x0000000084700000, 0x0000000084800000|  0%| F|  |TAMS 0x0000000084700000| PB 0x0000000084700000| Untracked |  0
|  36|0x0000000084800000, 0x0000000084800000, 0x0000000084900000|  0%| F|  |TAMS 0x0000000084800000| PB 0x0000000084800000| Untracked |  0
|  37|0x0000000084900000, 0x0000000084900000, 0x0000000084a00000|  0%| F|  |TAMS 0x0000000084900000| PB 0x0000000084900000| Untracked |  0
|  38|0x0000000084a00000, 0x0000000084a00000, 0x0000000084b00000|  0%| F|  |TAMS 0x0000000084a00000| PB 0x0000000084a00000| Untracked |  0
|  39|0x0000000084b00000, 0x0000000084b00000, 0x0000000084c00000|  0%| F|  |TAMS 0x0000000084b00000| PB 0x0000000084b00000| Untracked |  0
|  40|0x0000000084c00000, 0x0000000084c00000, 0x0000000084d00000|  0%| F|  |TAMS 0x0000000084c00000| PB 0x0000000084c00000| Untracked |  0
|  41|0x0000000084d00000, 0x0000000084d00000, 0x0000000084e00000|  0%| F|  |TAMS 0x0000000084d00000| PB 0x0000000084d00000| Untracked |  0
|  42|0x0000000084e00000, 0x0000000084e00000, 0x0000000084f00000|  0%| F|  |TAMS 0x0000000084e00000| PB 0x0000000084e00000| Untracked |  0
|  43|0x0000000084f00000, 0x0000000084f00000, 0x0000000085000000|  0%| F|  |TAMS 0x0000000084f00000| PB 0x0000000084f00000| Untracked |  0
|  44|0x0000000085000000, 0x0000000085000000, 0x0000000085100000|  0%| F|  |TAMS 0x0000000085000000| PB 0x0000000085000000| Untracked |  0
|  45|0x0000000085100000, 0x0000000085100000, 0x0000000085200000|  0%| F|  |TAMS 0x0000000085100000| PB 0x0000000085100000| Untracked |  0
|  46|0x0000000085200000, 0x0000000085200000, 0x0000000085300000|  0%| F|  |TAMS 0x0000000085200000| PB 0x0000000085200000| Untracked |  0
|  47|0x0000000085300000, 0x0000000085300000, 0x0000000085400000|  0%| F|  |TAMS 0x0000000085300000| PB 0x0000000085300000| Untracked |  0
|  48|0x0000000085400000, 0x0000000085400000, 0x0000000085500000|  0%| F|  |TAMS 0x0000000085400000| PB 0x0000000085400000| Untracked |  0
|  49|0x0000000085500000, 0x0000000085500000, 0x0000000085600000|  0%| F|  |TAMS 0x0000000085500000| PB 0x0000000085500000| Untracked |  0
|  50|0x0000000085600000, 0x0000000085600000, 0x0000000085700000|  0%| F|  |TAMS 0x0000000085600000| PB 0x0000000085600000| Untracked |  0
|  51|0x0000000085700000, 0x0000000085700000, 0x0000000085800000|  0%| F|  |TAMS 0x0000000085700000| PB 0x0000000085700000| Untracked |  0
|  52|0x0000000085800000, 0x0000000085800000, 0x0000000085900000|  0%| F|  |TAMS 0x0000000085800000| PB 0x0000000085800000| Untracked |  0
|  53|0x0000000085900000, 0x0000000085900000, 0x0000000085a00000|  0%| F|  |TAMS 0x0000000085900000| PB 0x0000000085900000| Untracked |  0
|  54|0x0000000085a00000, 0x0000000085a00000, 0x0000000085b00000|  0%| F|  |TAMS 0x0000000085a00000| PB 0x0000000085a00000| Untracked |  0
|  55|0x0000000085b00000, 0x0000000085b00000, 0x0000000085c00000|  0%| F|  |TAMS 0x0000000085b00000| PB 0x0000000085b00000| Untracked |  0
|  56|0x0000000085c00000, 0x0000000085c00000, 0x0000000085d00000|  0%| F|  |TAMS 0x0000000085c00000| PB 0x0000000085c00000| Untracked |  0
|  57|0x0000000085d00000, 0x0000000085d00000, 0x0000000085e00000|  0%| F|  |TAMS 0x0000000085d00000| PB 0x0000000085d00000| Untracked |  0
|  58|0x0000000085e00000, 0x0000000085e00000, 0x0000000085f00000|  0%| F|  |TAMS 0x0000000085e00000| PB 0x0000000085e00000| Untracked |  0
|  59|0x0000000085f00000, 0x0000000085f00000, 0x0000000086000000|  0%| F|  |TAMS 0x0000000085f00000| PB 0x0000000085f00000| Untracked |  0
|  60|0x0000000086000000, 0x0000000086000000, 0x0000000086100000|  0%| F|  |TAMS 0x0000000086000000| PB 0x0000000086000000| Untracked |  0
|  61|0x0000000086100000, 0x0000000086100000, 0x0000000086200000|  0%| F|  |TAMS 0x0000000086100000| PB 0x0000000086100000| Untracked |  0
|  62|0x0000000086200000, 0x0000000086200000, 0x0000000086300000|  0%| F|  |TAMS 0x0000000086200000| PB 0x0000000086200000| Untracked |  0
|  63|0x0000000086300000, 0x0000000086300000, 0x0000000086400000|  0%| F|  |TAMS 0x0000000086300000| PB 0x0000000086300000| Untracked |  0
|  64|0x0000000086400000, 0x0000000086400000, 0x0000000086500000|  0%| F|  |TAMS 0x0000000086400000| PB 0x0000000086400000| Untracked |  0
|  65|0x0000000086500000, 0x0000000086500000, 0x0000000086600000|  0%| F|  |TAMS 0x0000000086500000| PB 0x0000000086500000| Untracked |  0
|  66|0x0000000086600000, 0x0000000086600000, 0x0000000086700000|  0%| F|  |TAMS 0x0000000086600000| PB 0x0000000086600000| Untracked |  0
|  67|0x0000000086700000, 0x0000000086700000, 0x0000000086800000|  0%| F|  |TAMS 0x0000000086700000| PB 0x0000000086700000| Untracked |  0
|  68|0x0000000086800000, 0x0000000086800000, 0x0000000086900000|  0%| F|  |TAMS 0x0000000086800000| PB 0x0000000086800000| Untracked |  0
|  69|0x0000000086900000, 0x0000000086900000, 0x0000000086a00000|  0%| F|  |TAMS 0x0000000086900000| PB 0x0000000086900000| Untracked |  0
|  70|0x0000000086a00000, 0x0000000086a00000, 0x0000000086b00000|  0%| F|  |TAMS 0x0000000086a00000| PB 0x0000000086a00000| Untracked |  0
|  71|0x0000000086b00000, 0x0000000086b00000, 0x0000000086c00000|  0%| F|  |TAMS 0x0000000086b00000| PB 0x0000000086b00000| Untracked |  0
|  72|0x0000000086c00000, 0x0000000086c00000, 0x0000000086d00000|  0%| F|  |TAMS 0x0000000086c00000| PB 0x0000000086c00000| Untracked |  0
|  73|0x0000000086d00000, 0x0000000086d00000, 0x0000000086e00000|  0%| F|  |TAMS 0x0000000086d00000| PB 0x0000000086d00000| Untracked |  0
|  74|0x0000000086e00000, 0x0000000086e00000, 0x0000000086f00000|  0%| F|  |TAMS 0x0000000086e00000| PB 0x0000000086e00000| Untracked |  0
|  75|0x0000000086f00000, 0x0000000086f00000, 0x0000000087000000|  0%| F|  |TAMS 0x0000000086f00000| PB 0x0000000086f00000| Untracked |  0
|  76|0x0000000087000000, 0x0000000087000000, 0x0000000087100000|  0%| F|  |TAMS 0x0000000087000000| PB 0x0000000087000000| Untracked |  0
|  77|0x0000000087100000, 0x0000000087100000, 0x0000000087200000|  0%| F|  |TAMS 0x0000000087100000| PB 0x0000000087100000| Untracked |  0
|  78|0x0000000087200000, 0x0000000087200000, 0x0000000087300000|  0%| F|  |TAMS 0x0000000087200000| PB 0x0000000087200000| Untracked |  0
|  79|0x0000000087300000, 0x0000000087300000, 0x0000000087400000|  0%| F|  |TAMS 0x0000000087300000| PB 0x0000000087300000| Untracked |  0
|  80|0x0000000087400000, 0x0000000087400000, 0x0000000087500000|  0%| F|  |TAMS 0x0000000087400000| PB 0x0000000087400000| Untracked |  0
|  81|0x0000000087500000, 0x0000000087500000, 0x0000000087600000|  0%| F|  |TAMS 0x0000000087500000| PB 0x0000000087500000| Untracked |  0
|  82|0x0000000087600000, 0x0000000087600000, 0x0000000087700000|  0%| F|  |TAMS 0x0000000087600000| PB 0x0000000087600000| Untracked |  0
|  83|0x0000000087700000, 0x0000000087700000, 0x0000000087800000|  0%| F|  |TAMS 0x0000000087700000| PB 0x0000000087700000| Untracked |  0
|  84|0x0000000087800000, 0x0000000087800000, 0x0000000087900000|  0%| F|  |TAMS 0x0000000087800000| PB 0x0000000087800000| Untracked |  0
|  85|0x0000000087900000, 0x0000000087900000, 0x0000000087a00000|  0%| F|  |TAMS 0x0000000087900000| PB 0x0000000087900000| Untracked |  0
|  86|0x0000000087a00000, 0x0000000087a00000, 0x0000000087b00000|  0%| F|  |TAMS 0x0000000087a00000| PB 0x0000000087a00000| Untracked |  0
|  87|0x0000000087b00000, 0x0000000087b00000, 0x0000000087c00000|  0%| F|  |TAMS 0x0000000087b00000| PB 0x0000000087b00000| Untracked |  0
|  88|0x0000000087c00000, 0x0000000087c00000, 0x0000000087d00000|  0%| F|  |TAMS 0x0000000087c00000| PB 0x0000000087c00000| Untracked |  0
|  89|0x0000000087d00000, 0x0000000087d00000, 0x0000000087e00000|  0%| F|  |TAMS 0x0000000087d00000| PB 0x0000000087d00000| Untracked |  0
|  90|0x0000000087e00000, 0x0000000087e00000, 0x0000000087f00000|  0%| F|  |TAMS 0x0000000087e00000| PB 0x0000000087e00000| Untracked |  0
|  91|0x0000000087f00000, 0x0000000087f00000, 0x0000000088000000|  0%| F|  |TAMS 0x0000000087f00000| PB 0x0000000087f00000| Untracked |  0
|  92|0x0000000088000000, 0x0000000088000000, 0x0000000088100000|  0%| F|  |TAMS 0x0000000088000000| PB 0x0000000088000000| Untracked |  0
|  93|0x0000000088100000, 0x0000000088100000, 0x0000000088200000|  0%| F|  |TAMS 0x0000000088100000| PB 0x0000000088100000| Untracked |  0
|  94|0x0000000088200000, 0x0000000088200000, 0x0000000088300000|  0%| F|  |TAMS 0x0000000088200000| PB 0x0000000088200000| Untracked |  0
|  95|0x0000000088300000, 0x0000000088300000, 0x0000000088400000|  0%| F|  |TAMS 0x0000000088300000| PB 0x0000000088300000| Untracked |  0
|  96|0x0000000088400000, 0x0000000088400000, 0x0000000088500000|  0%| F|  |TAMS 0x0000000088400000| PB 0x0000000088400000| Untracked |  0
|  97|0x0000000088500000, 0x0000000088500000, 0x0000000088600000|  0%| F|  |TAMS 0x0000000088500000| PB 0x0000000088500000| Untracked |  0
|  98|0x0000000088600000, 0x0000000088600000, 0x0000000088700000|  0%| F|  |TAMS 0x0000000088600000| PB 0x0000000088600000| Untracked |  0
|  99|0x0000000088700000, 0x0000000088700000, 0x0000000088800000|  0%| F|  |TAMS 0x0000000088700000| PB 0x0000000088700000| Untracked |  0
| 100|0x0000000088800000, 0x0000000088800000, 0x0000000088900000|  0%| F|  |TAMS 0x0000000088800000| PB 0x0000000088800000| Untracked |  0
| 101|0x0000000088900000, 0x0000000088900000, 0x0000000088a00000|  0%| F|  |TAMS 0x0000000088900000| PB 0x0000000088900000| Untracked |  0
| 102|0x0000000088a00000, 0x0000000088a00000, 0x0000000088b00000|  0%| F|  |TAMS 0x0000000088a00000| PB 0x0000000088a00000| Untracked |  0
| 103|0x0000000088b00000, 0x0000000088b00000, 0x0000000088c00000|  0%| F|  |TAMS 0x0000000088b00000| PB 0x0000000088b00000| Untracked |  0
| 104|0x0000000088c00000, 0x0000000088c00000, 0x0000000088d00000|  0%| F|  |TAMS 0x0000000088c00000| PB 0x0000000088c00000| Untracked |  0
| 105|0x0000000088d00000, 0x0000000088d00000, 0x0000000088e00000|  0%| F|  |TAMS 0x0000000088d00000| PB 0x0000000088d00000| Untracked |  0
| 106|0x0000000088e00000, 0x0000000088e00000, 0x0000000088f00000|  0%| F|  |TAMS 0x0000000088e00000| PB 0x0000000088e00000| Untracked |  0
| 107|0x0000000088f00000, 0x0000000088f00000, 0x0000000089000000|  0%| F|  |TAMS 0x0000000088f00000| PB 0x0000000088f00000| Untracked |  0
| 108|0x0000000089000000, 0x0000000089000000, 0x0000000089100000|  0%| F|  |TAMS 0x0000000089000000| PB 0x0000000089000000| Untracked |  0
| 109|0x0000000089100000, 0x0000000089100000, 0x0000000089200000|  0%| F|  |TAMS 0x0000000089100000| PB 0x0000000089100000| Untracked |  0
| 110|0x0000000089200000, 0x0000000089200000, 0x0000000089300000|  0%| F|  |TAMS 0x0000000089200000| PB 0x0000000089200000| Untracked |  0
| 111|0x0000000089300000, 0x0000000089300000, 0x0000000089400000|  0%| F|  |TAMS 0x0000000089300000| PB 0x0000000089300000| Untracked |  0
| 112|0x0000000089400000, 0x0000000089500000, 0x0000000089500000|100%| S|CS|TAMS 0x0000000089400000| PB 0x0000000089400000| Complete |  0
| 113|0x0000000089500000, 0x0000000089600000, 0x0000000089600000|100%| S|CS|TAMS 0x0000000089500000| PB 0x0000000089500000| Complete |  0
| 114|0x0000000089600000, 0x0000000089600000, 0x0000000089700000|  0%| F|  |TAMS 0x0000000089600000| PB 0x0000000089600000| Untracked |  0
| 115|0x0000000089700000, 0x0000000089700000, 0x0000000089800000|  0%| F|  |TAMS 0x0000000089700000| PB 0x0000000089700000| Untracked |  0
| 116|0x0000000089800000, 0x0000000089800000, 0x0000000089900000|  0%| F|  |TAMS 0x0000000089800000| PB 0x0000000089800000| Untracked |  0
| 117|0x0000000089900000, 0x0000000089900000, 0x0000000089a00000|  0%| F|  |TAMS 0x0000000089900000| PB 0x0000000089900000| Untracked |  0
| 118|0x0000000089a00000, 0x0000000089a00000, 0x0000000089b00000|  0%| F|  |TAMS 0x0000000089a00000| PB 0x0000000089a00000| Untracked |  0
| 119|0x0000000089b00000, 0x0000000089b00000, 0x0000000089c00000|  0%| F|  |TAMS 0x0000000089b00000| PB 0x0000000089b00000| Untracked |  0
| 120|0x0000000089c00000, 0x0000000089c00000, 0x0000000089d00000|  0%| F|  |TAMS 0x0000000089c00000| PB 0x0000000089c00000| Untracked |  0
| 121|0x0000000089d00000, 0x0000000089d00000, 0x0000000089e00000|  0%| F|  |TAMS 0x0000000089d00000| PB 0x0000000089d00000| Untracked |  0
| 122|0x0000000089e00000, 0x0000000089e00000, 0x0000000089f00000|  0%| F|  |TAMS 0x0000000089e00000| PB 0x0000000089e00000| Untracked |  0
| 123|0x0000000089f00000, 0x0000000089f47b28, 0x000000008a000000| 28%| E|  |TAMS 0x0000000089f00000| PB 0x0000000089f00000| Complete |  0
| 124|0x000000008a000000, 0x000000008a100000, 0x000000008a100000|100%| E|CS|TAMS 0x000000008a000000| PB 0x000000008a000000| Complete |  0
| 125|0x000000008a100000, 0x000000008a200000, 0x000000008a200000|100%| E|CS|TAMS 0x000000008a100000| PB 0x000000008a100000| Complete |  0

Card table byte_map: [0x0000025d7ac10000,0x0000025d7b000000] _byte_map_base: 0x0000025d7a7fe000

Marking Bits: (CMBitMap*) 0x0000025d7a7be890
 Bits: [0x0000025d7b000000, 0x0000025d7cf70000)

Polling page: 0x0000025d78600000

Metaspace:

Usage:
  Non-class:     13.77 MB used.
      Class:      1.74 MB used.
       Both:     15.51 MB used.

Virtual space:
  Non-class space:       64.00 MB reserved,      14.00 MB ( 22%) committed,  1 nodes.
      Class space:        1.00 GB reserved,       1.94 MB ( <1%) committed,  1 nodes.
             Both:        1.06 GB reserved,      15.94 MB (  1%) committed. 

Chunk freelists:
   Non-Class:  2.04 MB
       Class:  14.06 MB
        Both:  16.10 MB

MaxMetaspaceSize: unlimited
CompressedClassSpaceSize: 1.00 GB
Initial GC threshold: 21.00 MB
Current GC threshold: 21.00 MB
CDS: on
 - commit_granule_bytes: 65536.
 - commit_granule_words: 8192.
 - virtual_space_node_default_size: 8388608.
 - enlarge_chunks_in_place: 1.
 - use_allocation_guard: 0.


Internal statistics:

num_allocs_failed_limit: 0.
num_arena_births: 318.
num_arena_deaths: 0.
num_vsnodes_births: 2.
num_vsnodes_deaths: 0.
num_space_committed: 255.
num_space_uncommitted: 0.
num_chunks_returned_to_freelist: 0.
num_chunks_taken_from_freelist: 556.
num_chunk_merges: 0.
num_chunk_splits: 361.
num_chunks_enlarged: 208.
num_inconsistent_stats: 0.

CodeHeap 'non-profiled nmethods': size=120064Kb used=636Kb max_used=636Kb free=119427Kb
 bounds [0x0000025d10130000, 0x0000025d103a0000, 0x0000025d17670000]
CodeHeap 'profiled nmethods': size=120000Kb used=2951Kb max_used=2951Kb free=117048Kb
 bounds [0x0000025d08670000, 0x0000025d08960000, 0x0000025d0fba0000]
CodeHeap 'non-nmethods': size=5696Kb used=1734Kb max_used=1750Kb free=3961Kb
 bounds [0x0000025d0fba0000, 0x0000025d0fe10000, 0x0000025d10130000]
CodeCache: size=245760Kb, used=5321Kb, max_used=5337Kb, free=240436Kb
 total_blobs=3028, nmethods=2237, adapters=696, full_count=0
Compilation: enabled, stopped_count=0, restarted_count=0

Compilation events (20 events):
Event: 37.003 Thread 0x0000025d7f46f560 nmethod 2228 0x0000025d0894f508 code [0x0000025d0894f640, 0x0000025d0894f940]
Event: 37.003 Thread 0x0000025d7f46f560 2229       3       java.lang.Enum::equals (11 bytes)
Event: 37.003 Thread 0x0000025d7f46f560 nmethod 2229 0x0000025d0894f988 code [0x0000025d0894faa0, 0x0000025d0894fbf8]
Event: 37.508 Thread 0x0000025d7f46f560 2230       1       javax.swing.TimerQueue$DelayedTimer::getTimer (5 bytes)
Event: 37.508 Thread 0x0000025d7f46f560 nmethod 2230 0x0000025d101ced08 code [0x0000025d101cee20, 0x0000025d101ceee8]
Event: 37.508 Thread 0x0000025d7f46f560 2231       3       java.util.PriorityQueue::peek (7 bytes)
Event: 37.508 Thread 0x0000025d7f46f560 nmethod 2231 0x0000025d0894fc88 code [0x0000025d0894fda0, 0x0000025d0894fed8]
Event: 37.508 Thread 0x0000025d7f46f560 2232       3       sun.awt.SunToolkit::isInstanceOf (21 bytes)
Event: 37.509 Thread 0x0000025d7f46f560 nmethod 2232 0x0000025d0894ff88 code [0x0000025d089500c0, 0x0000025d089502c8]
Event: 38.011 Thread 0x0000025d7f46f560 2233       3       javax.swing.JComponent::repaint (19 bytes)
Event: 38.012 Thread 0x0000025d7f46f560 nmethod 2233 0x0000025d08950308 code [0x0000025d08950480, 0x0000025d08950ad0]
Event: 38.012 Thread 0x0000025d7f46f560 2235       3       java.awt.Window::isOpaque (29 bytes)
Event: 38.013 Thread 0x0000025d7f46f560 nmethod 2235 0x0000025d08950b08 code [0x0000025d08950c60, 0x0000025d08951200]
Event: 38.013 Thread 0x0000025d7f46f560 2234       3       javax.swing.RepaintManager::addDirtyRegion (37 bytes)
Event: 38.013 Thread 0x0000025d7f46f560 nmethod 2234 0x0000025d08951288 code [0x0000025d089513e0, 0x0000025d089516e8]
Event: 38.515 Thread 0x0000025d7f46f560 2236       3       javax.swing.SwingUtilities::getWindowAncestor (31 bytes)
Event: 38.516 Thread 0x0000025d7f43ea10 2238       4       java.awt.geom.RoundRectIterator::next (11 bytes)
Event: 38.516 Thread 0x0000025d7f46f560 nmethod 2236 0x0000025d08951708 code [0x0000025d08951860, 0x0000025d08951de0]
Event: 38.516 Thread 0x0000025d7f46f560 2237   !   3       javax.swing.JComponent::paintChildren (684 bytes)
Event: 38.516 Thread 0x0000025d7f43ea10 nmethod 2238 0x0000025d101cf008 code [0x0000025d101cf100, 0x0000025d101cf178]

GC Heap History (4 events):
Event: 1.966 GC heap before
{Heap before GC invocations=0 (full 0):
 garbage-first heap   total reserved 2060288K, committed 129024K, used 14336K [0x0000000082400000, 0x0000000100000000)
  region size 1024K, 14 young (14336K), 0 survivors (0K)
 Metaspace       used 6863K, committed 7168K, reserved 1114112K
  class space    used 724K, committed 896K, reserved 1048576K
}
Event: 1.975 GC heap after
{Heap after GC invocations=1 (full 0):
 garbage-first heap   total reserved 2060288K, committed 129024K, used 4778K [0x0000000082400000, 0x0000000100000000)
  region size 1024K, 2 young (2048K), 2 survivors (2048K)
 Metaspace       used 6863K, committed 7168K, reserved 1114112K
  class space    used 724K, committed 896K, reserved 1048576K
}
Event: 5.452 GC heap before
{Heap before GC invocations=1 (full 0):
 garbage-first heap   total reserved 2060288K, committed 129024K, used 19114K [0x0000000082400000, 0x0000000100000000)
  region size 1024K, 14 young (14336K), 2 survivors (2048K)
 Metaspace       used 14941K, committed 15296K, reserved 1114112K
  class space    used 1700K, committed 1856K, reserved 1048576K
}
Event: 5.464 GC heap after
{Heap after GC invocations=2 (full 0):
 garbage-first heap   total reserved 2060288K, committed 129024K, used 10240K [0x0000000082400000, 0x0000000100000000)
  region size 1024K, 2 young (2048K), 2 survivors (2048K)
 Metaspace       used 14941K, committed 15296K, reserved 1114112K
  class space    used 1700K, committed 1856K, reserved 1048576K
}

Dll operation events (12 events):
Event: 0.063 Loaded shared library C:\Program Files\Java\jdk-23\bin\java.dll
Event: 0.162 Loaded shared library C:\Program Files\Java\jdk-23\bin\jsvml.dll
Event: 0.334 Loaded shared library C:\Program Files\Java\jdk-23\bin\jimage.dll
Event: 0.346 Loaded shared library C:\Program Files\Java\jdk-23\bin\net.dll
Event: 0.348 Loaded shared library C:\Program Files\Java\jdk-23\bin\nio.dll
Event: 0.363 Loaded shared library C:\Program Files\Java\jdk-23\bin\zip.dll
Event: 0.522 Loaded shared library C:\Program Files\Java\jdk-23\bin\awt.dll
Event: 1.350 Loaded shared library C:\Program Files\Java\jdk-23\bin\freetype.dll
Event: 1.355 Loaded shared library C:\Program Files\Java\jdk-23\bin\fontmanager.dll
Event: 2.497 Loaded shared library C:\Program Files\Java\jdk-23\bin\extnet.dll
Event: 4.532 Loaded shared library C:\Program Files\Java\jdk-23\bin\jawt.dll
Event: 4.553 Loaded shared library C:\Users\kapelo\AppData\Local\Temp\flatlaf.temp\flatlaf-windows-x86_64-3613061755093000.dll

Deoptimization events (20 events):
Event: 4.340 Thread 0x0000025d7842c000 Uncommon trap: trap_request=0xffffff45 fr.pc=0x0000025d101829a0 relative=0x0000000000000160
Event: 4.340 Thread 0x0000025d7842c000 Uncommon trap: reason=unstable_if action=reinterpret pc=0x0000025d101829a0 method=java.util.concurrent.locks.ReentrantLock$Sync.tryRelease(I)Z @ 26 c2
Event: 4.340 Thread 0x0000025d7842c000 DEOPT PACKING pc=0x0000025d101829a0 sp=0x000000d4f9bff510
Event: 4.340 Thread 0x0000025d7842c000 DEOPT UNPACKING pc=0x0000025d0fbf4402 sp=0x000000d4f9bff458 mode 2
Event: 4.587 Thread 0x0000025d5ebcac70 Uncommon trap: trap_request=0xffffffc6 fr.pc=0x0000025d10170138 relative=0x00000000000003d8
Event: 4.587 Thread 0x0000025d5ebcac70 Uncommon trap: reason=bimorphic_or_optimized_type_check action=maybe_recompile pc=0x0000025d10170138 method=java.util.concurrent.ConcurrentHashMap.get(Ljava/lang/Object;)Ljava/lang/Object; @ 149 c2
Event: 4.587 Thread 0x0000025d5ebcac70 DEOPT PACKING pc=0x0000025d10170138 sp=0x000000d4fb5fe7b0
Event: 4.587 Thread 0x0000025d5ebcac70 DEOPT UNPACKING pc=0x0000025d0fbf4402 sp=0x000000d4fb5fe730 mode 2
Event: 4.591 Thread 0x0000025d5ebbece0 Uncommon trap: trap_request=0xffffff45 fr.pc=0x0000025d101719c8 relative=0x00000000000000c8
Event: 4.591 Thread 0x0000025d5ebbece0 Uncommon trap: reason=unstable_if action=reinterpret pc=0x0000025d101719c8 method=java.util.concurrent.locks.ReentrantLock$Sync.tryRelease(I)Z @ 26 c2
Event: 4.591 Thread 0x0000025d5ebbece0 DEOPT PACKING pc=0x0000025d101719c8 sp=0x000000d4fb7fe160
Event: 4.591 Thread 0x0000025d5ebbece0 DEOPT UNPACKING pc=0x0000025d0fbf4402 sp=0x000000d4fb7fe110 mode 2
Event: 4.592 Thread 0x0000025d5ebbece0 Uncommon trap: trap_request=0xffffffde fr.pc=0x0000025d1018a464 relative=0x0000000000000f04
Event: 4.592 Thread 0x0000025d5ebbece0 Uncommon trap: reason=class_check action=maybe_recompile pc=0x0000025d1018a464 method=java.util.Properties$LineReader.readLine()I @ 70 c2
Event: 4.592 Thread 0x0000025d5ebbece0 DEOPT PACKING pc=0x0000025d1018a464 sp=0x000000d4fb7fe3a0
Event: 4.592 Thread 0x0000025d5ebbece0 DEOPT UNPACKING pc=0x0000025d0fbf4402 sp=0x000000d4fb7fe310 mode 2
Event: 4.592 Thread 0x0000025d5ebbece0 Uncommon trap: trap_request=0xffffffde fr.pc=0x0000025d1018a464 relative=0x0000000000000f04
Event: 4.592 Thread 0x0000025d5ebbece0 Uncommon trap: reason=class_check action=maybe_recompile pc=0x0000025d1018a464 method=java.util.Properties$LineReader.readLine()I @ 70 c2
Event: 4.592 Thread 0x0000025d5ebbece0 DEOPT PACKING pc=0x0000025d1018a464 sp=0x000000d4fb7fe3a0
Event: 4.592 Thread 0x0000025d5ebbece0 DEOPT UNPACKING pc=0x0000025d0fbf4402 sp=0x000000d4fb7fe310 mode 2

Classes loaded (20 events):
Event: 5.669 Loading class javax/swing/JFormattedTextField
Event: 5.670 Loading class javax/swing/JFormattedTextField done
Event: 5.671 Loading class javax/swing/TimerQueue$DelayedTimer
Event: 5.671 Loading class javax/swing/TimerQueue$DelayedTimer done
Event: 5.671 Loading class javax/swing/text/DefaultHighlighter$LayeredHighlightInfo
Event: 5.671 Loading class javax/swing/text/DefaultHighlighter$HighlightInfo
Event: 5.671 Loading class javax/swing/text/DefaultHighlighter$HighlightInfo done
Event: 5.671 Loading class javax/swing/text/DefaultHighlighter$LayeredHighlightInfo done
Event: 5.672 Loading class javax/swing/text/GapContent$RemoveUndo
Event: 5.672 Loading class javax/swing/text/GapContent$RemoveUndo done
Event: 5.672 Loading class javax/swing/text/GapContent$UndoPosRef
Event: 5.672 Loading class javax/swing/text/GapContent$UndoPosRef done
Event: 5.672 Loading class javax/swing/JLayer
Event: 5.673 Loading class javax/swing/JLayer done
Event: 5.673 Loading class javax/swing/JViewport
Event: 5.674 Loading class javax/swing/JViewport done
Event: 5.677 Loading class javax/swing/RepaintManager$3
Event: 5.677 Loading class javax/swing/RepaintManager$3 done
Event: 6.188 Loading class javax/swing/Timer$1
Event: 6.188 Loading class javax/swing/Timer$1 done

Classes unloaded (0 events):
No events

Classes redefined (0 events):
No events

Internal exceptions (20 events):
Event: 1.899 Thread 0x0000025d7842c000 Exception <a 'java/lang/NoSuchMethodError'{0x0000000089426cc0}: 'long java.lang.invoke.DirectMethodHandle$Holder.invokeVirtual(java.lang.Object, java.lang.Object)'> (0x0000000089426cc0) 
thrown [s\open\src\hotspot\share\interpreter\linkResolver.cpp, line 796]
Event: 1.900 Thread 0x0000025d7842c000 Exception <a 'java/lang/NoSuchMethodError'{0x000000008942a208}: 'long java.lang.invoke.DelegatingMethodHandle$Holder.reinvoke_L(java.lang.Object, java.lang.Object)'> (0x000000008942a208) 
thrown [s\open\src\hotspot\share\interpreter\linkResolver.cpp, line 796]
Event: 1.909 Thread 0x0000025d7842c000 Exception <a 'java/lang/NoSuchMethodError'{0x00000000894382f8}: 'void java.lang.invoke.DirectMethodHandle$Holder.invokeStatic(java.lang.Object, java.lang.Object, java.lang.Object, java.lang.Object)'> (0x00000000894382f8) 
thrown [s\open\src\hotspot\share\interpreter\linkResolver.cpp, line 796]
Event: 1.941 Thread 0x0000025d7842c000 Exception <a 'java/lang/NoSuchMethodError'{0x000000008945f650}: 'int java.lang.invoke.Invokers$Holder.invokeExact_MT(java.lang.Object, java.lang.Object)'> (0x000000008945f650) 
thrown [s\open\src\hotspot\share\interpreter\linkResolver.cpp, line 796]
Event: 1.941 Thread 0x0000025d7842c000 Exception <a 'java/lang/NoSuchMethodError'{0x00000000894635c0}: 'void java.lang.invoke.DirectMethodHandle$Holder.invokeSpecial(java.lang.Object, java.lang.Object, int)'> (0x00000000894635c0) 
thrown [s\open\src\hotspot\share\interpreter\linkResolver.cpp, line 796]
Event: 1.942 Thread 0x0000025d7842c000 Exception <a 'java/lang/NoSuchMethodError'{0x00000000894668a8}: 'void java.lang.invoke.Invokers$Holder.invokeExact_MT(java.lang.Object, int, java.lang.Object)'> (0x00000000894668a8) 
thrown [s\open\src\hotspot\share\interpreter\linkResolver.cpp, line 796]
Event: 1.946 Thread 0x0000025d7842c000 Exception <a 'java/lang/NoSuchMethodError'{0x0000000089478750}: 'void java.lang.invoke.Invokers$Holder.invokeExact_MT(java.lang.Object, java.lang.Object, java.lang.Object, java.lang.Object)'> (0x0000000089478750) 
thrown [s\open\src\hotspot\share\interpreter\linkResolver.cpp, line 796]
Event: 1.950 Thread 0x0000025d7842c000 Exception <a 'java/lang/NoSuchMethodError'{0x00000000894866e0}: 'void java.lang.invoke.DelegatingMethodHandle$Holder.reinvoke_L(java.lang.Object, java.lang.Object, long)'> (0x00000000894866e0) 
thrown [s\open\src\hotspot\share\interpreter\linkResolver.cpp, line 796]
Event: 1.951 Thread 0x0000025d7842c000 Exception <a 'java/lang/NoSuchMethodError'{0x000000008948ccd8}: 'long java.lang.invoke.Invokers$Holder.invokeExact_MT(java.lang.Object, java.lang.Object, java.lang.Object)'> (0x000000008948ccd8) 
thrown [s\open\src\hotspot\share\interpreter\linkResolver.cpp, line 796]
Event: 1.961 Thread 0x0000025d7842c000 Exception <a 'java/lang/NoSuchMethodError'{0x00000000894ea140}: 'void java.lang.invoke.DelegatingMethodHandle$Holder.reinvoke_L(java.lang.Object, java.lang.Object, int)'> (0x00000000894ea140) 
thrown [s\open\src\hotspot\share\interpreter\linkResolver.cpp, line 796]
Event: 1.963 Thread 0x0000025d7842c000 Exception <a 'java/lang/NoSuchMethodError'{0x00000000894f0728}: 'int java.lang.invoke.Invokers$Holder.invokeExact_MT(java.lang.Object, java.lang.Object, java.lang.Object)'> (0x00000000894f0728) 
thrown [s\open\src\hotspot\share\interpreter\linkResolver.cpp, line 796]
Event: 2.110 Thread 0x0000025d7842c000 Exception <a 'java/lang/NoSuchMethodError'{0x000000008a073f78}: 'java.lang.Object java.lang.invoke.DirectMethodHandle$Holder.invokeInterface(java.lang.Object, java.lang.Object)'> (0x000000008a073f78) 
thrown [s\open\src\hotspot\share\interpreter\linkResolver.cpp, line 796]
Event: 2.158 Thread 0x0000025d7842c000 Exception <a 'java/lang/NoSuchMethodError'{0x000000008a0f3a60}: 'java.lang.Object java.lang.invoke.DirectMethodHandle$Holder.invokeVirtual(java.lang.Object, java.lang.Object, java.lang.Object)'> (0x000000008a0f3a60) 
thrown [s\open\src\hotspot\share\interpreter\linkResolver.cpp, line 796]
Event: 4.206 Thread 0x0000025d7842c000 Exception <a 'java/lang/NoSuchMethodError'{0x0000000089adedb0}: 'java.lang.Object java.lang.invoke.DirectMethodHandle$Holder.invokeStaticInit(java.lang.Object, java.lang.Object, java.lang.Object, java.lang.Object)'> (0x0000000089adedb0) 
thrown [s\open\src\hotspot\share\interpreter\linkResolver.cpp, line 796]
Event: 4.258 Thread 0x0000025d7842c000 Exception <a 'java/lang/NoSuchMethodError'{0x000000008995a8b8}: 'void java.lang.invoke.DirectMethodHandle$Holder.invokeStatic(java.lang.Object, int, java.lang.Object)'> (0x000000008995a8b8) 
thrown [s\open\src\hotspot\share\interpreter\linkResolver.cpp, line 796]
Event: 4.326 Thread 0x0000025d5eb9d710 Exception <a 'java/lang/NoSuchMethodError'{0x0000000089aec530}: 'int java.lang.invoke.DirectMethodHandle$Holder.invokeStatic(java.lang.Object, int, java.lang.Object)'> (0x0000000089aec530) 
thrown [s\open\src\hotspot\share\interpreter\linkResolver.cpp, line 796]
Event: 4.538 Thread 0x0000025d5ebbece0 Exception <a 'sun/nio/fs/WindowsException'{0x00000000898e14b0}> (0x00000000898e14b0) 
thrown [s\open\src\hotspot\share\prims\jni.cpp, line 520]
Event: 4.788 Thread 0x0000025d5ebbece0 Exception <a 'java/lang/NoSuchMethodError'{0x00000000897808a8}: 'java.lang.Object java.lang.invoke.DirectMethodHandle$Holder.invokeVirtual(java.lang.Object, java.lang.Object, java.lang.Object, java.lang.Object)'> (0x00000000897808a8) 
thrown [s\open\src\hotspot\share\interpreter\linkResolver.cpp, line 796]
Event: 4.978 Thread 0x0000025d17a6b710 Exception <a 'java/lang/NoSuchMethodError'{0x00000000897fc618}: 'void java.lang.invoke.DirectMethodHandle$Holder.invokeVirtual(java.lang.Object, java.lang.Object)'> (0x00000000897fc618) 
thrown [s\open\src\hotspot\share\interpreter\linkResolver.cpp, line 796]
Event: 5.030 Thread 0x0000025d5ebbece0 Exception <a 'java/lang/NoSuchMethodError'{0x000000008963bd98}: 'void java.lang.invoke.DirectMethodHandle$Holder.invokeStaticInit(java.lang.Object)'> (0x000000008963bd98) 
thrown [s\open\src\hotspot\share\interpreter\linkResolver.cpp, line 796]

VM Operations (20 events):
Event: 1.966 Executing VM operation: G1CollectForAllocation (G1 Evacuation Pause)
Event: 1.975 Executing VM operation: G1CollectForAllocation (G1 Evacuation Pause) done
Event: 2.018 Executing VM operation: HandshakeAllThreads (Deoptimize)
Event: 2.018 Executing VM operation: HandshakeAllThreads (Deoptimize) done
Event: 2.348 Executing VM operation: HandshakeAllThreads (Deoptimize)
Event: 2.348 Executing VM operation: HandshakeAllThreads (Deoptimize) done
Event: 2.838 Executing VM operation: HandshakeAllThreads (Deoptimize)
Event: 2.838 Executing VM operation: HandshakeAllThreads (Deoptimize) done
Event: 2.938 Executing VM operation: HandshakeAllThreads (Deoptimize)
Event: 2.938 Executing VM operation: HandshakeAllThreads (Deoptimize) done
Event: 4.306 Executing VM operation: HandshakeAllThreads (Deoptimize)
Event: 4.306 Executing VM operation: HandshakeAllThreads (Deoptimize) done
Event: 4.438 Executing VM operation: HandshakeAllThreads (Deoptimize)
Event: 4.438 Executing VM operation: HandshakeAllThreads (Deoptimize) done
Event: 5.452 Executing VM operation: G1CollectForAllocation (G1 Evacuation Pause)
Event: 5.464 Executing VM operation: G1CollectForAllocation (G1 Evacuation Pause) done
Event: 5.565 Executing VM operation: HandshakeAllThreads (Deoptimize)
Event: 5.565 Executing VM operation: HandshakeAllThreads (Deoptimize) done
Event: 5.584 Executing VM operation: HandshakeAllThreads (Deoptimize)
Event: 5.584 Executing VM operation: HandshakeAllThreads (Deoptimize) done

Memory protections (0 events):
No events

Nmethod flushes (0 events):
No events

Events (20 events):
Event: 0.156 Thread 0x0000025d7842c000 Thread added: 0x0000025d7f43c7c0
Event: 0.156 Thread 0x0000025d7842c000 Thread added: 0x0000025d7f43d220
Event: 0.156 Thread 0x0000025d7842c000 Thread added: 0x0000025d7f43dc80
Event: 0.156 Thread 0x0000025d7842c000 Thread added: 0x0000025d7f43ea10
Event: 0.163 Thread 0x0000025d7842c000 Thread added: 0x0000025d7f46f560
Event: 0.294 Thread 0x0000025d7842c000 Thread added: 0x0000025d1776a700
Event: 0.300 Thread 0x0000025d7842c000 Thread added: 0x0000025d1776d590
Event: 0.865 Thread 0x0000025d7842c000 Thread added: 0x0000025d17a68690
Event: 0.870 Thread 0x0000025d7842c000 Thread added: 0x0000025d17a6b0a0
Event: 0.880 Thread 0x0000025d7842c000 Thread added: 0x0000025d17a6b710
Event: 1.848 Thread 0x0000025d7842c000 Thread added: 0x0000025d5e31b9b0
Event: 1.948 Thread 0x0000025d17a6b0a0 Thread exited: 0x0000025d17a6b0a0
Event: 4.194 Thread 0x0000025d7842c000 Thread added: 0x0000025d5eb9d710
Event: 4.327 Thread 0x0000025d5eb9d710 Thread added: 0x0000025d5ebcac70
Event: 4.340 Thread 0x0000025d7842c000 Thread added: 0x0000025d5ebcb710
Event: 4.340 Thread 0x0000025d7842c000 Thread added: 0x0000025d5ebbece0
Event: 4.341 Thread 0x0000025d7842c000 Thread exited: 0x0000025d7842c000
Event: 4.341 Thread 0x0000025d5ebbf370 Thread added: 0x0000025d5ebbf370
Event: 4.861 Thread 0x0000025d5ebbece0 Thread added: 0x0000025d5ebbfa00
Event: 10.421 Thread 0x0000025d5ebcac70 Thread exited: 0x0000025d5ebcac70


Dynamic libraries:
0x00007ff6c1a10000 - 0x00007ff6c1a20000 	C:\Program Files\Java\jdk-23\bin\java.exe
0x00007ffea8cd0000 - 0x00007ffea8ee7000 	C:\Windows\SYSTEM32\ntdll.dll
0x00007ffea83b0000 - 0x00007ffea8474000 	C:\Windows\System32\KERNEL32.DLL
0x00007ffea6400000 - 0x00007ffea67b7000 	C:\Windows\System32\KERNELBASE.dll
0x00007ffea6050000 - 0x00007ffea6161000 	C:\Windows\System32\ucrtbase.dll
0x00007ffe8b790000 - 0x00007ffe8b7a7000 	C:\Program Files\Java\jdk-23\bin\jli.dll
0x00007ffea8600000 - 0x00007ffea87af000 	C:\Windows\System32\USER32.dll
0x00007ffea67c0000 - 0x00007ffea67e6000 	C:\Windows\System32\win32u.dll
0x00007ffea6a00000 - 0x00007ffea6a29000 	C:\Windows\System32\GDI32.dll
0x00007ffea6170000 - 0x00007ffea6288000 	C:\Windows\System32\gdi32full.dll
0x00007ffea68a0000 - 0x00007ffea693a000 	C:\Windows\System32\msvcp_win.dll
0x00007ffe92060000 - 0x00007ffe9207b000 	C:\Program Files\Java\jdk-23\bin\VCRUNTIME140.dll
0x00007ffe8e310000 - 0x00007ffe8e5a3000 	C:\Windows\WinSxS\amd64_microsoft.windows.common-controls_6595b64144ccf1df_6.0.22621.3672_none_2713b9d173822955\COMCTL32.dll
0x00007ffea8a20000 - 0x00007ffea8ac7000 	C:\Windows\System32\msvcrt.dll
0x00007ffea7ef0000 - 0x00007ffea7f21000 	C:\Windows\System32\IMM32.DLL
0x00007ffea2a40000 - 0x00007ffea2a4c000 	C:\Program Files\Java\jdk-23\bin\vcruntime140_1.dll
0x00007ffe61040000 - 0x00007ffe610ce000 	C:\Program Files\Java\jdk-23\bin\msvcp140.dll
0x00007ffe472c0000 - 0x00007ffe4800f000 	C:\Program Files\Java\jdk-23\bin\server\jvm.dll
0x00007ffea87c0000 - 0x00007ffea8872000 	C:\Windows\System32\ADVAPI32.dll
0x00007ffea88f0000 - 0x00007ffea8998000 	C:\Windows\System32\sechost.dll
0x00007ffea67f0000 - 0x00007ffea6818000 	C:\Windows\System32\bcrypt.dll
0x00007ffea8ae0000 - 0x00007ffea8bf4000 	C:\Windows\System32\RPCRT4.dll
0x00007ffea8c10000 - 0x00007ffea8c81000 	C:\Windows\System32\WS2_32.dll
0x00007ffea4e50000 - 0x00007ffea4e9d000 	C:\Windows\SYSTEM32\POWRPROF.dll
0x00007ffe9f0c0000 - 0x00007ffe9f0f4000 	C:\Windows\SYSTEM32\WINMM.dll
0x00007ffe95880000 - 0x00007ffe9588a000 	C:\Windows\SYSTEM32\VERSION.dll
0x00007ffea4e30000 - 0x00007ffea4e43000 	C:\Windows\SYSTEM32\UMPDC.dll
0x00007ffea5080000 - 0x00007ffea5098000 	C:\Windows\SYSTEM32\kernel.appcore.dll
0x00007ffe91340000 - 0x00007ffe9134a000 	C:\Program Files\Java\jdk-23\bin\jimage.dll
0x00007ffea2ea0000 - 0x00007ffea30d2000 	C:\Windows\SYSTEM32\DBGHELP.DLL
0x00007ffea77e0000 - 0x00007ffea7b6e000 	C:\Windows\System32\combase.dll
0x00007ffea7630000 - 0x00007ffea7707000 	C:\Windows\System32\OLEAUT32.dll
0x00007ffe94420000 - 0x00007ffe94452000 	C:\Windows\SYSTEM32\dbgcore.DLL
0x00007ffea6820000 - 0x00007ffea689b000 	C:\Windows\System32\bcryptPrimitives.dll
0x00007ffe91210000 - 0x00007ffe9122e000 	C:\Program Files\Java\jdk-23\bin\java.dll
0x00007ffea6a30000 - 0x00007ffea6bd5000 	C:\Windows\System32\ole32.dll
0x00007ffea6d70000 - 0x00007ffea75d9000 	C:\Windows\System32\SHELL32.dll
0x00007ffea3f10000 - 0x00007ffea480f000 	C:\Windows\SYSTEM32\windows.storage.dll
0x00007ffea3dd0000 - 0x00007ffea3f0f000 	C:\Windows\SYSTEM32\wintypes.dll
0x00007ffea8500000 - 0x00007ffea85f9000 	C:\Windows\System32\SHCORE.dll
0x00007ffea7e90000 - 0x00007ffea7eee000 	C:\Windows\System32\shlwapi.dll
0x00007ffea5f10000 - 0x00007ffea5f37000 	C:\Windows\SYSTEM32\profapi.dll
0x00007ffe6dcf0000 - 0x00007ffe6ddc7000 	C:\Program Files\Java\jdk-23\bin\jsvml.dll
0x00007ffe91110000 - 0x00007ffe91120000 	C:\Program Files\Java\jdk-23\bin\net.dll
0x00007ffea5540000 - 0x00007ffea55a9000 	C:\Windows\system32\mswsock.dll
0x00007ffe901d0000 - 0x00007ffe901e6000 	C:\Program Files\Java\jdk-23\bin\nio.dll
0x00007ffe900a0000 - 0x00007ffe900b7000 	C:\Program Files\Java\jdk-23\bin\zip.dll
0x00007ffe456a0000 - 0x00007ffe4582e000 	C:\Program Files\Java\jdk-23\bin\awt.dll
0x00007ffea17c0000 - 0x00007ffea1857000 	C:\Windows\SYSTEM32\apphelp.dll
0x00007ffea2c80000 - 0x00007ffea2d31000 	C:\Windows\system32\uxtheme.dll
0x00007ffea7d30000 - 0x00007ffea7e90000 	C:\Windows\System32\MSCTF.dll
0x00007ffea3220000 - 0x00007ffea324b000 	C:\Windows\system32\DWMAPI.DLL
0x00007ffe83870000 - 0x00007ffe838f7000 	C:\Program Files\Java\jdk-23\bin\freetype.dll
0x00007ffe704e0000 - 0x00007ffe705b7000 	C:\Program Files\Java\jdk-23\bin\fontmanager.dll
0x00007ffea4b10000 - 0x00007ffea4c12000 	C:\Windows\SYSTEM32\DNSAPI.dll
0x00007ffea4ae0000 - 0x00007ffea4b0d000 	C:\Windows\SYSTEM32\IPHLPAPI.DLL
0x00007ffea87b0000 - 0x00007ffea87b9000 	C:\Windows\System32\NSI.dll
0x0000000070e30000 - 0x0000000070e56000 	C:\Program Files\Bonjour\mdnsNSP.dll
0x00007ffe95890000 - 0x00007ffe9589a000 	C:\Windows\System32\rasadhlp.dll
0x00007ffe9ba50000 - 0x00007ffe9bad3000 	C:\Windows\System32\fwpuclnt.dll
0x00007ffe90900000 - 0x00007ffe90909000 	C:\Program Files\Java\jdk-23\bin\extnet.dll
0x00007ffe8ced0000 - 0x00007ffe8cfd0000 	C:\Windows\system32\opengl32.dll
0x00007ffe8e5c0000 - 0x00007ffe8e5ed000 	C:\Windows\SYSTEM32\GLU32.dll
0x00007ffea3710000 - 0x00007ffea3747000 	C:\Windows\SYSTEM32\dxcore.dll
0x00007ffe9ee40000 - 0x00007ffe9ee47000 	C:\Program Files\Java\jdk-23\bin\jawt.dll
0x00007ffea12b0000 - 0x00007ffea12b6000 	C:\Users\kapelo\AppData\Local\Temp\flatlaf.temp\flatlaf-windows-x86_64-3613061755093000.dll
0x00007ffea7710000 - 0x00007ffea77c0000 	C:\Windows\System32\clbcatq.dll
0x00007ffea2a80000 - 0x00007ffea2c31000 	C:\Windows\SYSTEM32\WindowsCodecs.dll
0x00007ffe75790000 - 0x00007ffe757ee000 	C:\Windows\system32\dataexchange.dll
0x00007ffe9c500000 - 0x00007ffe9c7a2000 	C:\Windows\system32\twinapi.appcore.dll
0x00007ffe9bd30000 - 0x00007ffe9be73000 	C:\Windows\SYSTEM32\textinputframework.dll
0x00007ffe8ce60000 - 0x00007ffe8cec9000 	C:\Windows\system32\Oleacc.dll
0x00007ffe7b1a0000 - 0x00007ffe7b1eb000 	C:\Windows\system32\ApplicationTargetedFeatureDatabase.dll
0x00007ffea0cd0000 - 0x00007ffea0e03000 	C:\Windows\SYSTEM32\CoreMessaging.dll
0x00007ffe9db30000 - 0x00007ffe9de9d000 	C:\Windows\SYSTEM32\CoreUIComponents.dll
0x00007ffea5870000 - 0x00007ffea587c000 	C:\Windows\SYSTEM32\CRYPTBASE.DLL

dbghelp: loaded successfully - version: 4.0.5 - missing functions: none
symbol engine: initialized successfully - sym options: 0x614 - pdb path: .;C:\Program Files\Java\jdk-23\bin;C:\Windows\SYSTEM32;C:\Windows\WinSxS\amd64_microsoft.windows.common-controls_6595b64144ccf1df_6.0.22621.3672_none_2713b9d173822955;C:\Program Files\Java\jdk-23\bin\server;C:\Program Files\Bonjour;C:\Users\kapelo\AppData\Local\Temp\flatlaf.temp

VM Arguments:
java_command: com.pharmajava.PharmacieApp
java_class_path (initial): D:\v1.3\PharmacieGestion\target\classes;C:\Users\kapelo\.m2\repository\mysql\mysql-connector-java\8.0.28\mysql-connector-java-8.0.28.jar;C:\Users\kapelo\.m2\repository\com\google\protobuf\protobuf-java\3.11.4\protobuf-java-3.11.4.jar;C:\Users\kapelo\.m2\repository\com\zaxxer\HikariCP\5.0.1\HikariCP-5.0.1.jar;C:\Users\kapelo\.m2\repository\com\formdev\flatlaf\2.6\flatlaf-2.6.jar;C:\Users\kapelo\.m2\repository\net\sf\jasperreports\jasperreports\6.20.0\jasperreports-6.20.0.jar;C:\Users\kapelo\.m2\repository\commons-beanutils\commons-beanutils\1.9.4\commons-beanutils-1.9.4.jar;C:\Users\kapelo\.m2\repository\commons-collections\commons-collections\3.2.2\commons-collections-3.2.2.jar;C:\Users\kapelo\.m2\repository\commons-digester\commons-digester\2.1\commons-digester-2.1.jar;C:\Users\kapelo\.m2\repository\commons-logging\commons-logging\1.1.1\commons-logging-1.1.1.jar;C:\Users\kapelo\.m2\repository\org\apache\commons\commons-collections4\4.2\commons-collections4-4.2.jar;C:\Users\kapelo\.m2\repository\com\lowagie\itext\2.1.7.js10\itext-2.1.7.js10.jar;C:\Users\kapelo\.m2\repository\org\bouncycastle\bcprov-jdk15on\1.70\bcprov-jdk15on-1.70.jar;C:\Users\kapelo\.m2\repository\org\bouncycastle\bcutil-jdk15on\1.70\bcutil-jdk15on-1.70.jar;C:\Users\kapelo\.m2\repository\org\jfree\jcommon\1.0.23\jcommon-1.0.23.jar;C:\Users\kapelo\.m2\repository\org\jfree\jfreechart\1.0.19\jfreechart-1.0.19.jar;C:\Users\kapelo\.m2\repository\org\eclipse\jdt\ecj\3.21.0\ecj-3.21.0.jar;C:\Users\kapelo\.m2\repository\com\fasterxml\jackson\core\jackson-core\2.13.3\jackson-core-2.13.3.jar;C:\Users\kapelo\.m2\repository\com\fasterxml\jackson\core\jackson-databind\2.13.3\jackson-databind-2.13.3.jar;C:\Users\kapelo\.m2\repository\com\fasterxml\jackson\core\jackson-annotations\2.13.3\jackson-annotations-2.13.3.jar;C:\Users\kapelo\.m2\repository\com\fasterxml\jackson\dataformat\jackson-dataformat-xml\2.13.3\jackson-dataformat-xml-2.13.3.jar;C:\Users\kapelo\.m2\repository\org\codehaus\woodstox\stax2-api\4.2.1\stax2-api-4.2.1.jar;C:\Users\kapelo\.m2\repository\com\fasterxml\woodstox\woodstox-core\6.2.7\woodstox-core-6.2.7.jar;C:\Users\kapelo\.m2\repository\com\toedter\jcalendar\1.4\jcalendar-1.4.jar;C:\Users\kapelo\.m2\repository\org\slf4j\slf4j-api\2.0.5\slf4j-api-2.0.5.jar;C:\Users\kapelo\.m2\repository\ch\qos\logback\logback-classic\1.4.7\logback-classic-1.4.7.jar;C:\Users\kapelo\.m2\repository\ch\qos\logback\logback-core\1.4.7\logback-core-1.4.7.jar
Launcher Type: SUN_STANDARD

[Global flags]
     intx CICompilerCount                          = 3                                         {product} {ergonomic}
     uint ConcGCThreads                            = 1                                         {product} {ergonomic}
     uint G1ConcRefinementThreads                  = 4                                         {product} {ergonomic}
   size_t G1HeapRegionSize                         = 1048576                                   {product} {ergonomic}
   size_t InitialHeapSize                          = 132120576                                 {product} {ergonomic}
   size_t MarkStackSize                            = 4194304                                   {product} {ergonomic}
   size_t MarkStackSizeMax                         = 536870912                                 {product} {ergonomic}
   size_t MaxHeapSize                              = 2109734912                                {product} {ergonomic}
   size_t MaxNewSize                               = 1265631232                                {product} {ergonomic}
   size_t MinHeapDeltaBytes                        = 1048576                                   {product} {ergonomic}
   size_t MinHeapSize                              = 8388608                                   {product} {ergonomic}
    uintx NonNMethodCodeHeapSize                   = 5832704                                {pd product} {ergonomic}
    uintx NonProfiledCodeHeapSize                  = 122945536                              {pd product} {ergonomic}
    uintx ProfiledCodeHeapSize                     = 122880000                              {pd product} {ergonomic}
    uintx ReservedCodeCacheSize                    = 251658240                              {pd product} {ergonomic}
     bool SegmentedCodeCache                       = true                                      {product} {ergonomic}
   size_t SoftMaxHeapSize                          = 2109734912                             {manageable} {ergonomic}
     bool UseCompressedOops                        = true                           {product lp64_product} {ergonomic}
     bool UseG1GC                                  = true                                      {product} {ergonomic}
     bool UseLargePagesIndividualAllocation        = false                                  {pd product} {ergonomic}

Logging:
Log output configuration:
 #0: stdout all=warning uptime,level,tags foldmultilines=false
 #1: stderr all=off uptime,level,tags foldmultilines=false

Environment Variables:
JAVA_HOME=C:\Program Files\Java\jdk-23
PATH=C:\Program Files (x86)\VMware\VMware Workstation\bin\;C:\Python39\Scripts\;C:\Python39\;C:\Program Files\Common Files\Oracle\Java\javapath;c:\Users\kapelo\AppData\Local\Programs\cursor\resources\app\bin;C:\Users\kapelo\AppData\Local\Programs\Python\Python312\Scripts\;C:\Users\kapelo\AppData\Local\Programs\Python\Python312\;C:\Windows\system32;C:\Windows;C:\Windows\System32\Wbem;C:\Windows\System32\WindowsPowerShell\v1.0\;C:\Windows\System32\OpenSSH\;C:\ProgramData\chocolatey\bin;C:\Program Files\Git\cmd;C:\composer;C:\php-8.2.25-nts-Win32-vs16-x64;C:\Program Files\Graphviz\bin;C:\Users\kapelo\AppData\Local\Programs\Python\Launcher\;C:\Users\kapelo\AppData\Local\Microsoft\WindowsApps;C:\Users\kapelo\AppData\Roaming\npm;C:\src\flutter\bin;C:\src\dart-sdk\bin;C:\Users\kapelo\AppData\Roaming\Composer\vendor\bin;C:\xampp\mysql\bin;C:\Program Files\PostgreSQL\17\bin;C:\Program Files\heroku\bin;C:\botpress-botpress-3516ba2;C:\php;C:\Users\kapelo\AppData\Local\Programs\Python\Python312\Lib\site-packages\pip;C:\Users\kapelo\AppData\Local\Pub\Cache\bin;c:\Users\kapelo\AppData\Loc;C:\Program Files\Redis\;C:\Users\kapelo\AppData\Local\nvm;C:\nvm4w\nodejs;C:\Program Files\dotnet\;C:\Program Files\Meld\;C:\Users\kapelo\AppData\Local\Programs\Python\Python313\Scripts\;C:\Users\kapelo\AppData\Local\Programs\Python\Python313\;C:\Users\kapelo\AppData\Local\Programs\Python\Launcher\;C:\Users\kapelo\AppData\Local\Microsoft\WindowsApps;C:\Users\kapelo\AppData\Local\Programs\Microsoft VS Code\bin;C:\src\flutter\bin;C:\src\dart-sdk\bin;C:\Users\kapelo\AppData\Roaming\Composer\vendor\bin;C:\Program Files\PostgreSQL\17\bin;C:\Program Files\heroku\bin;C:\botpress-botpress-3516ba2;C:\Users\kapelo\AppData\Local\Programs\Python\Python312\Lib\site-packages\pip;C:\Users\kapelo\AppData\Local\Pub\Cache\bin;C:\xampp;C:\xampp\php;C:\Windows\System32;C:\Program Files\JetBrains\IntelliJ IDEA 2021.2\bin;;C:\Users\kapelo\AppData\Local\Programs\Windsurf\bin;C:\Users\kapelo\AppData\Local\nvm;C:\nvm4w\nodejs;C:\Users\kapelo\AppData\Local\Programs\cursor\resources\app\bin;C:\Users\kapelo\AppData\Local\Programs\Python\Python312\Scripts;c:\users\kapelo\appdata\roaming\python\python39\site-packages;C:\Users\kapelo\apache-maven\apache-maven-3.9.6\bin
USERNAME=kapelo
OS=Windows_NT
PROCESSOR_IDENTIFIER=Intel64 Family 6 Model 78 Stepping 3, GenuineIntel
TMP=C:\Users\kapelo\AppData\Local\Temp
TEMP=C:\Users\kapelo\AppData\Local\Temp




Periodic native trim disabled

---------------  S Y S T E M  ---------------

OS:
 Windows 11 , 64 bit Build 22621 (10.0.22621.3958)
OS uptime: 4 days 4:21 hours
Hyper-V role detected

CPU: total 4 (initial active 4) (2 cores per cpu, 2 threads per core) family 6 model 78 stepping 3 microcode 0xd6, cx8, cmov, fxsr, ht, mmx, 3dnowpref, sse, sse2, sse3, ssse3, sse4.1, sse4.2, popcnt, lzcnt, tsc, tscinvbit, avx, avx2, aes, erms, clmul, bmi1, bmi2, rtm, adx, fma, vzeroupper, clflush, clflushopt, hv, rdtscp, f16c
Processor Information for the first 4 processors :
  Max Mhz: 2496, Current Mhz: 798, Mhz Limit: 798

Memory: 4k page, system-wide physical 8047M (390M free)
TotalPageFile size 30725M (AvailPageFile size 5M)
current process WorkingSet (physical memory assigned to process): 117M, peak: 117M
current process commit charge ("private bytes"): 237M, peak: 237M

vm_info: Java HotSpot(TM) 64-Bit Server VM (23.0.1+11-39) for windows-amd64 JRE (23.0.1+11-39), built on 2024-09-30T07:20:43Z with MS VC++ 17.6 (VS2022)

END.
